{"/Users/abelsimon/projects/teylor-exchange/src/app.ts": {"path":"/Users/abelsimon/projects/teylor-exchange/src/app.ts","statementMap":{"0":{"start":{"line":1,"column":0},"end":{"line":1,"column":37}},"1":{"start":{"line":2,"column":0},"end":{"line":2,"column":38}},"2":{"start":{"line":3,"column":0},"end":{"line":3,"column":67}},"3":{"start":{"line":4,"column":0},"end":{"line":4,"column":30}},"4":{"start":{"line":6,"column":0},"end":{"line":6,"column":30}},"5":{"start":{"line":7,"column":0},"end":{"line":7,"column":34}},"6":{"start":{"line":9,"column":13},"end":{"line":9,"column":29}},"7":{"start":{"line":10,"column":13},"end":{"line":10,"column":39}},"8":{"start":{"line":12,"column":0},"end":{"line":12,"column":23}},"9":{"start":{"line":13,"column":0},"end":{"line":13,"column":27}},"10":{"start":{"line":14,"column":0},"end":{"line":14,"column":51}},"11":{"start":{"line":15,"column":0},"end":{"line":15,"column":28}},"12":{"start":{"line":17,"column":0},"end":{"line":17,"column":42}},"13":{"start":{"line":19,"column":0},"end":{"line":19,"column":16}},"14":{"start":{"line":21,"column":0},"end":{"line":34,"column":2}},"15":{"start":{"line":23,"column":2},"end":{"line":23,"column":34}},"16":{"start":{"line":24,"column":2},"end":{"line":24,"column":32}},"17":{"start":{"line":25,"column":2},"end":{"line":27,"column":null}},"18":{"start":{"line":26,"column":3},"end":{"line":26,"column":20}},"19":{"start":{"line":29,"column":2},"end":{"line":32,"column":5}}},"fnMap":{"0":{"name":"(anonymous_1)","decl":{"start":{"line":22,"column":1},"end":{"line":22,"column":2}},"loc":{"start":{"line":22,"column":76},"end":{"line":33,"column":2}}}},"branchMap":{"0":{"loc":{"start":{"line":17,"column":16},"end":{"line":17,"column":32}},"type":"binary-expr","locations":[{"start":{"line":17,"column":16},"end":{"line":17,"column":32}},{"start":{"line":17,"column":36},"end":{"line":17,"column":40}}]},"1":{"loc":{"start":{"line":25,"column":2},"end":{"line":27,"column":null}},"type":"if","locations":[{"start":{"line":25,"column":2},"end":{"line":27,"column":null}},{"start":{"line":25,"column":2},"end":{"line":27,"column":null}}]},"2":{"loc":{"start":{"line":29,"column":20},"end":{"line":29,"column":30}},"type":"binary-expr","locations":[{"start":{"line":29,"column":20},"end":{"line":29,"column":30}},{"start":{"line":29,"column":34},"end":{"line":29,"column":37}}]},"3":{"loc":{"start":{"line":30,"column":51},"end":{"line":30,"column":54}},"type":"cond-expr","locations":[{"start":{"line":30,"column":51},"end":{"line":30,"column":54}},{"start":{"line":30,"column":57},"end":{"line":30,"column":66}}]}},"s":{"0":1,"1":1,"2":1,"3":1,"4":1,"5":1,"6":1,"7":1,"8":1,"9":1,"10":1,"11":1,"12":1,"13":1,"14":1,"15":2,"16":2,"17":2,"18":0,"19":2},"f":{"0":2},"b":{"0":[1,1],"1":[0,2],"2":[2,0],"3":[0,2]}}
,"/Users/abelsimon/projects/teylor-exchange/src/logger.ts": {"path":"/Users/abelsimon/projects/teylor-exchange/src/logger.ts","statementMap":{"0":{"start":{"line":1,"column":0},"end":{"line":1,"column":59}},"1":{"start":{"line":3,"column":41},"end":{"line":3,"column":47}},"2":{"start":{"line":5,"column":22},"end":{"line":25,"column":2}},"3":{"start":{"line":12,"column":8},"end":{"line":12,"column":15}},"4":{"start":{"line":11,"column":43},"end":{"line":12,"column":8}},"5":{"start":{"line":14,"column":14},"end":{"line":14,"column":77}},"6":{"start":{"line":16,"column":4},"end":{"line":19,"column":null}},"7":{"start":{"line":17,"column":5},"end":{"line":17,"column":29}},"8":{"start":{"line":18,"column":5},"end":{"line":18,"column":46}},"9":{"start":{"line":21,"column":4},"end":{"line":21,"column":15}},"10":{"start":{"line":27,"column":13},"end":{"line":31,"column":3}}},"fnMap":{"0":{"name":"(anonymous_1)","decl":{"start":{"line":9,"column":17},"end":{"line":9,"column":24}},"loc":{"start":{"line":9,"column":27},"end":{"line":22,"column":4}}}},"branchMap":{"0":{"loc":{"start":{"line":16,"column":4},"end":{"line":19,"column":null}},"type":"if","locations":[{"start":{"line":16,"column":4},"end":{"line":19,"column":null}},{"start":{"line":16,"column":4},"end":{"line":19,"column":null}}]},"1":{"loc":{"start":{"line":16,"column":8},"end":{"line":16,"column":16}},"type":"binary-expr","locations":[{"start":{"line":16,"column":8},"end":{"line":16,"column":16}},{"start":{"line":16,"column":20},"end":{"line":16,"column":52}}]}},"s":{"0":1,"1":1,"2":1,"3":2,"4":2,"5":2,"6":2,"7":0,"8":0,"9":2,"10":1},"f":{"0":2},"b":{"0":[0,2],"1":[2,2]}}
,"/Users/abelsimon/projects/teylor-exchange/src/routes.ts": {"path":"/Users/abelsimon/projects/teylor-exchange/src/routes.ts","statementMap":{"0":{"start":{"line":1,"column":0},"end":{"line":1,"column":33}},"1":{"start":{"line":2,"column":0},"end":{"line":2,"column":43}},"2":{"start":{"line":3,"column":0},"end":{"line":3,"column":28}},"3":{"start":{"line":4,"column":0},"end":{"line":4,"column":38}},"4":{"start":{"line":5,"column":0},"end":{"line":5,"column":51}},"5":{"start":{"line":7,"column":25},"end":{"line":9,"column":2}},"6":{"start":{"line":11,"column":15},"end":{"line":11,"column":23}},"7":{"start":{"line":12,"column":0},"end":{"line":12,"column":31}},"8":{"start":{"line":14,"column":0},"end":{"line":14,"column":25}},"9":{"start":{"line":17,"column":0},"end":{"line":20,"column":null}},"10":{"start":{"line":18,"column":1},"end":{"line":18,"column":46}},"11":{"start":{"line":19,"column":1},"end":{"line":19,"column":73}},"12":{"start":{"line":22,"column":0},"end":{"line":22,"column":22}}},"fnMap":{},"branchMap":{"0":{"loc":{"start":{"line":17,"column":0},"end":{"line":20,"column":null}},"type":"if","locations":[{"start":{"line":17,"column":0},"end":{"line":20,"column":null}},{"start":{"line":17,"column":0},"end":{"line":20,"column":null}}]}},"s":{"0":1,"1":1,"2":1,"3":1,"4":1,"5":1,"6":1,"7":1,"8":1,"9":1,"10":0,"11":0,"12":1},"f":{},"b":{"0":[0,1]}}
,"/Users/abelsimon/projects/teylor-exchange/src/__tests/fixtures/exchangeRates.ts": {"path":"/Users/abelsimon/projects/teylor-exchange/src/__tests/fixtures/exchangeRates.ts","statementMap":{"0":{"start":{"line":1,"column":13},"end":{"line":13,"column":2}},"1":{"start":{"line":15,"column":13},"end":{"line":20,"column":2}},"2":{"start":{"line":22,"column":13},"end":{"line":27,"column":2}},"3":{"start":{"line":28,"column":13},"end":{"line":33,"column":2}}},"fnMap":{},"branchMap":{},"s":{"0":2,"1":2,"2":2,"3":2},"f":{},"b":{}}
,"/Users/abelsimon/projects/teylor-exchange/src/bin/server.ts": {"path":"/Users/abelsimon/projects/teylor-exchange/src/bin/server.ts","statementMap":{"0":{"start":{"line":2,"column":0},"end":{"line":2,"column":28}},"1":{"start":{"line":3,"column":0},"end":{"line":3,"column":62}},"2":{"start":{"line":4,"column":0},"end":{"line":4,"column":35}},"3":{"start":{"line":6,"column":15},"end":{"line":6,"column":30}},"4":{"start":{"line":7,"column":0},"end":{"line":9,"column":null}},"5":{"start":{"line":8,"column":1},"end":{"line":8,"column":41}},"6":{"start":{"line":11,"column":0},"end":{"line":11,"column":29}},"7":{"start":{"line":13,"column":20},"end":{"line":44,"column":2}},"8":{"start":{"line":13,"column":31},"end":{"line":44,"column":2}},"9":{"start":{"line":17,"column":15},"end":{"line":17,"column":16}},"10":{"start":{"line":18,"column":1},"end":{"line":43,"column":null}},"11":{"start":{"line":19,"column":2},"end":{"line":42,"column":null}},"12":{"start":{"line":20,"column":3},"end":{"line":20,"column":32}},"13":{"start":{"line":21,"column":3},"end":{"line":34,"column":6}},"14":{"start":{"line":22,"column":4},"end":{"line":25,"column":6}},"15":{"start":{"line":26,"column":4},"end":{"line":33,"column":null}},"16":{"start":{"line":27,"column":5},"end":{"line":32,"column":7}},"17":{"start":{"line":36,"column":3},"end":{"line":36,"column":9}},"18":{"start":{"line":38,"column":3},"end":{"line":38,"column":21}},"19":{"start":{"line":39,"column":3},"end":{"line":39,"column":16}},"20":{"start":{"line":40,"column":3},"end":{"line":40,"column":43}},"21":{"start":{"line":41,"column":3},"end":{"line":41,"column":51}},"22":{"start":{"line":41,"column":28},"end":{"line":41,"column":49}},"23":{"start":{"line":46,"column":0},"end":{"line":49,"column":3}},"24":{"start":{"line":47,"column":1},"end":{"line":47,"column":57}},"25":{"start":{"line":48,"column":1},"end":{"line":48,"column":17}}},"fnMap":{"0":{"name":"(anonymous_8)","decl":{"start":{"line":13,"column":20},"end":{"line":13,"column":29}},"loc":{"start":{"line":13,"column":31},"end":{"line":44,"column":2}}},"1":{"name":"(anonymous_9)","decl":{"start":{"line":13,"column":31},"end":{"line":13,"column":null}},"loc":{"start":{"line":13,"column":31},"end":{"line":44,"column":1}}},"2":{"name":"(anonymous_10)","decl":{"start":{"line":21,"column":31},"end":{"line":21,"column":40}},"loc":{"start":{"line":21,"column":42},"end":{"line":34,"column":4}}},"3":{"name":"(anonymous_11)","decl":{"start":{"line":41,"column":21},"end":{"line":41,"column":24}},"loc":{"start":{"line":41,"column":28},"end":{"line":41,"column":49}}},"4":{"name":"(anonymous_12)","decl":{"start":{"line":46,"column":20},"end":{"line":46,"column":23}},"loc":{"start":{"line":46,"column":26},"end":{"line":49,"column":1}}}},"branchMap":{"0":{"loc":{"start":{"line":7,"column":0},"end":{"line":9,"column":null}},"type":"if","locations":[{"start":{"line":7,"column":0},"end":{"line":9,"column":null}},{"start":{"line":7,"column":0},"end":{"line":9,"column":null}}]},"1":{"loc":{"start":{"line":26,"column":4},"end":{"line":33,"column":null}},"type":"if","locations":[{"start":{"line":26,"column":4},"end":{"line":33,"column":null}},{"start":{"line":26,"column":4},"end":{"line":33,"column":null}}]}},"s":{"0":0,"1":0,"2":0,"3":0,"4":0,"5":0,"6":0,"7":0,"8":0,"9":0,"10":0,"11":0,"12":0,"13":0,"14":0,"15":0,"16":0,"17":0,"18":0,"19":0,"20":0,"21":0,"22":0,"23":0,"24":0,"25":0},"f":{"0":0,"1":0,"2":0,"3":0,"4":0},"b":{"0":[0,0],"1":[0,0]}}
,"/Users/abelsimon/projects/teylor-exchange/src/core/entities/ExchangeRatesEntity.ts": {"path":"/Users/abelsimon/projects/teylor-exchange/src/core/entities/ExchangeRatesEntity.ts","statementMap":{"0":{"start":{"line":1,"column":0},"end":{"line":1,"column":80}},"1":{"start":{"line":6,"column":0},"end":{"line":21,"column":null}},"2":{"start":{"line":7,"column":28},"end":{"line":7,"column":null}},"3":{"start":{"line":14,"column":2},"end":{"line":14,"column":null}},"4":{"start":{"line":17,"column":2},"end":{"line":17,"column":null}},"5":{"start":{"line":20,"column":2},"end":{"line":20,"column":null}},"6":{"start":{"line":6,"column":13},"end":{"line":21,"column":null}},"7":{"start":{"line":6,"column":13},"end":{"line":6,"column":32}}},"fnMap":{},"branchMap":{},"s":{"0":1,"1":1,"2":1,"3":1,"4":1,"5":1,"6":1,"7":1},"f":{},"b":{}}
,"/Users/abelsimon/projects/teylor-exchange/src/core/entities/index.ts": {"path":"/Users/abelsimon/projects/teylor-exchange/src/core/entities/index.ts","statementMap":{"0":{"start":{"line":1,"column":0},"end":{"line":1,"column":9}},"1":{"start":{"line":3,"column":9},"end":{"line":1,"column":60}}},"fnMap":{"0":{"name":"(anonymous_0)","decl":{"start":{"line":3,"column":9},"end":{"line":3,"column":28}},"loc":{"start":{"line":3,"column":9},"end":{"line":1,"column":60}}}},"branchMap":{},"s":{"0":1,"1":1},"f":{"0":0},"b":{}}
,"/Users/abelsimon/projects/teylor-exchange/src/core/exchangeRates/ExchangeRatesGateway.ts": {"path":"/Users/abelsimon/projects/teylor-exchange/src/core/exchangeRates/ExchangeRatesGateway.ts","statementMap":{"0":{"start":{"line":1,"column":0},"end":{"line":1,"column":40}},"1":{"start":{"line":2,"column":0},"end":{"line":2,"column":51}},"2":{"start":{"line":3,"column":0},"end":{"line":3,"column":56}},"3":{"start":{"line":11,"column":15},"end":{"line":11,"column":49}},"4":{"start":{"line":12,"column":2},"end":{"line":12,"column":33}},"5":{"start":{"line":5,"column":0},"end":{"line":5,"column":13}}},"fnMap":{"0":{"name":"(anonymous_7)","decl":{"start":{"line":6,"column":7},"end":{"line":6,"column":17}},"loc":{"start":{"line":10,"column":3},"end":{"line":13,"column":null}}}},"branchMap":{},"s":{"0":1,"1":1,"2":1,"3":0,"4":0,"5":1},"f":{"0":0},"b":{}}
,"/Users/abelsimon/projects/teylor-exchange/src/core/exchangeRates/ExchangeRatesService.ts": {"path":"/Users/abelsimon/projects/teylor-exchange/src/core/exchangeRates/ExchangeRatesService.ts","statementMap":{"0":{"start":{"line":1,"column":0},"end":{"line":1,"column":20}},"1":{"start":{"line":2,"column":0},"end":{"line":2,"column":24}},"2":{"start":{"line":3,"column":0},"end":{"line":3,"column":29}},"3":{"start":{"line":5,"column":0},"end":{"line":5,"column":62}},"4":{"start":{"line":6,"column":0},"end":{"line":6,"column":83}},"5":{"start":{"line":16,"column":3},"end":{"line":16,"column":52}},"6":{"start":{"line":17,"column":3},"end":{"line":17,"column":45}},"7":{"start":{"line":18,"column":3},"end":{"line":18,"column":63}},"8":{"start":{"line":22,"column":17},"end":{"line":22,"column":56}},"9":{"start":{"line":23,"column":23},"end":{"line":23,"column":67}},"10":{"start":{"line":25,"column":3},"end":{"line":27,"column":null}},"11":{"start":{"line":26,"column":4},"end":{"line":26,"column":23}},"12":{"start":{"line":28,"column":3},"end":{"line":28,"column":40}},"13":{"start":{"line":32,"column":17},"end":{"line":32,"column":56}},"14":{"start":{"line":33,"column":24},"end":{"line":34,"column":null}},"15":{"start":{"line":37,"column":3},"end":{"line":39,"column":null}},"16":{"start":{"line":38,"column":4},"end":{"line":38,"column":24}},"17":{"start":{"line":41,"column":3},"end":{"line":41,"column":52}},"18":{"start":{"line":45,"column":19},"end":{"line":45,"column":21}},"19":{"start":{"line":46,"column":19},"end":{"line":46,"column":37}},"20":{"start":{"line":48,"column":3},"end":{"line":61,"column":6}},"21":{"start":{"line":49,"column":21},"end":{"line":49,"column":23}},"22":{"start":{"line":50,"column":4},"end":{"line":59,"column":7}},"23":{"start":{"line":51,"column":18},"end":{"line":51,"column":25}},"24":{"start":{"line":52,"column":23},"end":{"line":52,"column":38}},"25":{"start":{"line":54,"column":5},"end":{"line":58,"column":null}},"26":{"start":{"line":55,"column":6},"end":{"line":55,"column":35}},"27":{"start":{"line":57,"column":6},"end":{"line":57,"column":37}},"28":{"start":{"line":60,"column":4},"end":{"line":60,"column":31}},"29":{"start":{"line":63,"column":3},"end":{"line":63,"column":18}},"30":{"start":{"line":67,"column":17},"end":{"line":68,"column":null}},"31":{"start":{"line":72,"column":17},"end":{"line":72,"column":19}},"32":{"start":{"line":73,"column":3},"end":{"line":78,"column":null}},"33":{"start":{"line":74,"column":17},"end":{"line":75,"column":null}},"34":{"start":{"line":77,"column":4},"end":{"line":77,"column":31}},"35":{"start":{"line":79,"column":3},"end":{"line":79,"column":45}},"36":{"start":{"line":80,"column":3},"end":{"line":80,"column":16}},"37":{"start":{"line":84,"column":3},"end":{"line":92,"column":6}},"38":{"start":{"line":85,"column":4},"end":{"line":91,"column":7}},"39":{"start":{"line":86,"column":5},"end":{"line":88,"column":null}},"40":{"start":{"line":87,"column":6},"end":{"line":87,"column":22}},"41":{"start":{"line":90,"column":5},"end":{"line":90,"column":23}},"42":{"start":{"line":96,"column":3},"end":{"line":118,"column":6}},"43":{"start":{"line":97,"column":20},"end":{"line":97,"column":22}},"44":{"start":{"line":99,"column":4},"end":{"line":117,"column":23}},"45":{"start":{"line":102,"column":21},"end":{"line":102,"column":41}},"46":{"start":{"line":103,"column":26},"end":{"line":103,"column":45}},"47":{"start":{"line":104,"column":26},"end":{"line":104,"column":29}},"48":{"start":{"line":106,"column":6},"end":{"line":108,"column":null}},"49":{"start":{"line":107,"column":7},"end":{"line":107,"column":29}},"50":{"start":{"line":110,"column":6},"end":{"line":114,"column":null}},"51":{"start":{"line":111,"column":7},"end":{"line":111,"column":39}},"52":{"start":{"line":113,"column":7},"end":{"line":113,"column":41}},"53":{"start":{"line":116,"column":22},"end":{"line":116,"column":34}},"54":{"start":{"line":126,"column":3},"end":{"line":126,"column":55}},"55":{"start":{"line":8,"column":0},"end":{"line":8,"column":13}}},"fnMap":{"0":{"name":"(anonymous_8)","decl":{"start":{"line":15,"column":2},"end":{"line":15,"column":null}},"loc":{"start":{"line":15,"column":2},"end":{"line":19,"column":3}}},"1":{"name":"(anonymous_9)","decl":{"start":{"line":21,"column":8},"end":{"line":21,"column":34}},"loc":{"start":{"line":21,"column":34},"end":{"line":29,"column":null}}},"2":{"name":"(anonymous_11)","decl":{"start":{"line":31,"column":8},"end":{"line":31,"column":33}},"loc":{"start":{"line":31,"column":39},"end":{"line":42,"column":null}}},"3":{"name":"(anonymous_13)","decl":{"start":{"line":44,"column":2},"end":{"line":44,"column":31}},"loc":{"start":{"line":44,"column":37},"end":{"line":64,"column":3}}},"4":{"name":"(anonymous_14)","decl":{"start":{"line":48,"column":19},"end":{"line":48,"column":25}},"loc":{"start":{"line":48,"column":28},"end":{"line":61,"column":4}}},"5":{"name":"(anonymous_15)","decl":{"start":{"line":50,"column":26},"end":{"line":50,"column":30}},"loc":{"start":{"line":50,"column":33},"end":{"line":59,"column":5}}},"6":{"name":"(anonymous_16)","decl":{"start":{"line":66,"column":8},"end":{"line":66,"column":25}},"loc":{"start":{"line":66,"column":42},"end":{"line":81,"column":null}}},"7":{"name":"(anonymous_18)","decl":{"start":{"line":83,"column":2},"end":{"line":83,"column":25}},"loc":{"start":{"line":83,"column":47},"end":{"line":93,"column":3}}},"8":{"name":"(anonymous_19)","decl":{"start":{"line":84,"column":22},"end":{"line":84,"column":23}},"loc":{"start":{"line":84,"column":35},"end":{"line":92,"column":4}}},"9":{"name":"(anonymous_20)","decl":{"start":{"line":85,"column":30},"end":{"line":85,"column":31}},"loc":{"start":{"line":85,"column":45},"end":{"line":91,"column":5}}},"10":{"name":"(anonymous_21)","decl":{"start":{"line":95,"column":2},"end":{"line":95,"column":23}},"loc":{"start":{"line":95,"column":40},"end":{"line":119,"column":3}}},"11":{"name":"(anonymous_22)","decl":{"start":{"line":96,"column":22},"end":{"line":96,"column":23}},"loc":{"start":{"line":96,"column":35},"end":{"line":118,"column":4}}},"12":{"name":"(anonymous_23)","decl":{"start":{"line":101,"column":17},"end":{"line":101,"column":21}},"loc":{"start":{"line":101,"column":24},"end":{"line":115,"column":6}}},"13":{"name":"(anonymous_24)","decl":{"start":{"line":116,"column":16},"end":{"line":116,"column":19}},"loc":{"start":{"line":116,"column":22},"end":{"line":116,"column":34}}},"14":{"name":"(anonymous_25)","decl":{"start":{"line":121,"column":8},"end":{"line":121,"column":18}},"loc":{"start":{"line":125,"column":3},"end":{"line":127,"column":null}}}},"branchMap":{"0":{"loc":{"start":{"line":25,"column":3},"end":{"line":27,"column":null}},"type":"if","locations":[{"start":{"line":25,"column":3},"end":{"line":27,"column":null}},{"start":{"line":25,"column":3},"end":{"line":27,"column":null}}]},"1":{"loc":{"start":{"line":37,"column":3},"end":{"line":39,"column":null}},"type":"if","locations":[{"start":{"line":37,"column":3},"end":{"line":39,"column":null}},{"start":{"line":37,"column":3},"end":{"line":39,"column":null}}]},"2":{"loc":{"start":{"line":54,"column":5},"end":{"line":58,"column":null}},"type":"if","locations":[{"start":{"line":54,"column":5},"end":{"line":58,"column":null}},{"start":{"line":54,"column":5},"end":{"line":58,"column":null}}]},"3":{"loc":{"start":{"line":86,"column":5},"end":{"line":88,"column":null}},"type":"if","locations":[{"start":{"line":86,"column":5},"end":{"line":88,"column":null}},{"start":{"line":86,"column":5},"end":{"line":88,"column":null}}]},"4":{"loc":{"start":{"line":106,"column":6},"end":{"line":108,"column":null}},"type":"if","locations":[{"start":{"line":106,"column":6},"end":{"line":108,"column":null}},{"start":{"line":106,"column":6},"end":{"line":108,"column":null}}]},"5":{"loc":{"start":{"line":110,"column":6},"end":{"line":114,"column":null}},"type":"if","locations":[{"start":{"line":110,"column":6},"end":{"line":114,"column":null}},{"start":{"line":110,"column":6},"end":{"line":114,"column":null}}]}},"s":{"0":1,"1":1,"2":1,"3":1,"4":1,"5":4,"6":4,"7":4,"8":4,"9":4,"10":4,"11":3,"12":1,"13":0,"14":0,"15":0,"16":0,"17":0,"18":0,"19":0,"20":0,"21":0,"22":0,"23":0,"24":0,"25":0,"26":0,"27":0,"28":0,"29":0,"30":1,"31":1,"32":1,"33":8,"34":8,"35":1,"36":1,"37":1,"38":1,"39":1,"40":0,"41":1,"42":8,"43":8,"44":8,"45":10448,"46":10448,"47":10448,"48":10448,"49":464,"50":10448,"51":8,"52":10440,"53":8,"54":0,"55":1},"f":{"0":4,"1":4,"2":0,"3":0,"4":0,"5":0,"6":1,"7":1,"8":1,"9":1,"10":8,"11":8,"12":10448,"13":8,"14":0},"b":{"0":[3,1],"1":[0,0],"2":[0,0],"3":[0,1],"4":[464,9984],"5":[8,10440]}}
,"/Users/abelsimon/projects/teylor-exchange/src/errors/application-error.ts": {"path":"/Users/abelsimon/projects/teylor-exchange/src/errors/application-error.ts","statementMap":{"0":{"start":{"line":9,"column":2},"end":{"line":9,"column":10}},"1":{"start":{"line":2,"column":8},"end":{"line":2,"column":45}},"2":{"start":{"line":4,"column":8},"end":{"line":4,"column":42}},"3":{"start":{"line":6,"column":8},"end":{"line":6,"column":29}},"4":{"start":{"line":10,"column":2},"end":{"line":12,"column":null}},"5":{"start":{"line":11,"column":3},"end":{"line":11,"column":26}},"6":{"start":{"line":13,"column":2},"end":{"line":15,"column":null}},"7":{"start":{"line":14,"column":3},"end":{"line":14,"column":24}},"8":{"start":{"line":1,"column":0},"end":{"line":1,"column":13}}},"fnMap":{"0":{"name":"(anonymous_0)","decl":{"start":{"line":8,"column":1},"end":{"line":8,"column":13}},"loc":{"start":{"line":8,"column":46},"end":{"line":16,"column":2}}}},"branchMap":{"0":{"loc":{"start":{"line":10,"column":2},"end":{"line":12,"column":null}},"type":"if","locations":[{"start":{"line":10,"column":2},"end":{"line":12,"column":null}},{"start":{"line":10,"column":2},"end":{"line":12,"column":null}}]},"1":{"loc":{"start":{"line":13,"column":2},"end":{"line":15,"column":null}},"type":"if","locations":[{"start":{"line":13,"column":2},"end":{"line":15,"column":null}},{"start":{"line":13,"column":2},"end":{"line":15,"column":null}}]}},"s":{"0":6,"1":6,"2":6,"3":6,"4":6,"5":5,"6":6,"7":3,"8":2},"f":{"0":6},"b":{"0":[5,1],"1":[3,3]}}
,"/Users/abelsimon/projects/teylor-exchange/src/errors/bad-request.ts": {"path":"/Users/abelsimon/projects/teylor-exchange/src/errors/bad-request.ts","statementMap":{"0":{"start":{"line":1,"column":0},"end":{"line":1,"column":55}},"1":{"start":{"line":7,"column":2},"end":{"line":7,"column":39}},"2":{"start":{"line":4,"column":1},"end":{"line":4,"column":29}},"3":{"start":{"line":3,"column":0},"end":{"line":3,"column":13}}},"fnMap":{"0":{"name":"(anonymous_0)","decl":{"start":{"line":6,"column":1},"end":{"line":6,"column":13}},"loc":{"start":{"line":6,"column":29},"end":{"line":8,"column":2}}}},"branchMap":{"0":{"loc":{"start":{"line":7,"column":8},"end":{"line":7,"column":15}},"type":"binary-expr","locations":[{"start":{"line":7,"column":8},"end":{"line":7,"column":15}},{"start":{"line":7,"column":19},"end":{"line":7,"column":32}}]}},"s":{"0":1,"1":2,"2":2,"3":1},"f":{"0":2},"b":{"0":[2,0]}}
,"/Users/abelsimon/projects/teylor-exchange/src/errors/conflict.ts": {"path":"/Users/abelsimon/projects/teylor-exchange/src/errors/conflict.ts","statementMap":{"0":{"start":{"line":1,"column":0},"end":{"line":1,"column":55}},"1":{"start":{"line":5,"column":2},"end":{"line":5,"column":36}},"2":{"start":{"line":3,"column":0},"end":{"line":3,"column":13}}},"fnMap":{"0":{"name":"(anonymous_0)","decl":{"start":{"line":4,"column":1},"end":{"line":4,"column":13}},"loc":{"start":{"line":4,"column":29},"end":{"line":6,"column":2}}}},"branchMap":{"0":{"loc":{"start":{"line":5,"column":8},"end":{"line":5,"column":15}},"type":"binary-expr","locations":[{"start":{"line":5,"column":8},"end":{"line":5,"column":15}},{"start":{"line":5,"column":19},"end":{"line":5,"column":29}}]}},"s":{"0":0,"1":0,"2":0},"f":{"0":0},"b":{"0":[0,0]}}
,"/Users/abelsimon/projects/teylor-exchange/src/errors/index.ts": {"path":"/Users/abelsimon/projects/teylor-exchange/src/errors/index.ts","statementMap":{"0":{"start":{"line":1,"column":0},"end":{"line":1,"column":9}},"1":{"start":{"line":7,"column":1},"end":{"line":1,"column":55}},"2":{"start":{"line":2,"column":0},"end":{"line":2,"column":9}},"3":{"start":{"line":7,"column":19},"end":{"line":2,"column":48}},"4":{"start":{"line":3,"column":0},"end":{"line":3,"column":9}},"5":{"start":{"line":7,"column":36},"end":{"line":3,"column":51}},"6":{"start":{"line":4,"column":0},"end":{"line":4,"column":9}},"7":{"start":{"line":7,"column":55},"end":{"line":4,"column":38}}},"fnMap":{"0":{"name":"(anonymous_0)","decl":{"start":{"line":7,"column":1},"end":{"line":7,"column":17}},"loc":{"start":{"line":7,"column":1},"end":{"line":1,"column":55}}},"1":{"name":"(anonymous_1)","decl":{"start":{"line":7,"column":19},"end":{"line":7,"column":34}},"loc":{"start":{"line":7,"column":19},"end":{"line":2,"column":48}}},"2":{"name":"(anonymous_2)","decl":{"start":{"line":7,"column":36},"end":{"line":7,"column":53}},"loc":{"start":{"line":7,"column":36},"end":{"line":3,"column":51}}},"3":{"name":"(anonymous_3)","decl":{"start":{"line":7,"column":55},"end":{"line":7,"column":63}},"loc":{"start":{"line":7,"column":55},"end":{"line":4,"column":38}}}},"branchMap":{},"s":{"0":0,"1":0,"2":0,"3":0,"4":0,"5":0,"6":0,"7":0},"f":{"0":0,"1":0,"2":0,"3":0},"b":{}}
,"/Users/abelsimon/projects/teylor-exchange/src/errors/unauthorized.ts": {"path":"/Users/abelsimon/projects/teylor-exchange/src/errors/unauthorized.ts","statementMap":{"0":{"start":{"line":9,"column":5},"end":{"line":9,"column":13}},"1":{"start":{"line":10,"column":5},"end":{"line":10,"column":23}},"2":{"start":{"line":11,"column":5},"end":{"line":11,"column":40}},"3":{"start":{"line":12,"column":5},"end":{"line":12,"column":46}},"4":{"start":{"line":1,"column":0},"end":{"line":1,"column":13}}},"fnMap":{"0":{"name":"(anonymous_0)","decl":{"start":{"line":8,"column":4},"end":{"line":8,"column":16}},"loc":{"start":{"line":8,"column":47},"end":{"line":13,"column":5}}}},"branchMap":{"0":{"loc":{"start":{"line":11,"column":17},"end":{"line":11,"column":21}},"type":"binary-expr","locations":[{"start":{"line":11,"column":17},"end":{"line":11,"column":21}},{"start":{"line":11,"column":25},"end":{"line":11,"column":39}}]},"1":{"loc":{"start":{"line":12,"column":20},"end":{"line":12,"column":27}},"type":"binary-expr","locations":[{"start":{"line":12,"column":20},"end":{"line":12,"column":27}},{"start":{"line":12,"column":31},"end":{"line":12,"column":45}}]}},"s":{"0":0,"1":0,"2":0,"3":0,"4":0},"f":{"0":0},"b":{"0":[0,0],"1":[0,0]}}
,"/Users/abelsimon/projects/teylor-exchange/src/modules/index.ts": {"path":"/Users/abelsimon/projects/teylor-exchange/src/modules/index.ts","statementMap":{"0":{"start":{"line":2,"column":0},"end":{"line":2,"column":61}},"1":{"start":{"line":3,"column":0},"end":{"line":3,"column":67}},"2":{"start":{"line":4,"column":0},"end":{"line":4,"column":68}},"3":{"start":{"line":5,"column":0},"end":{"line":5,"column":64}},"4":{"start":{"line":8,"column":1},"end":{"line":8,"column":38}},"5":{"start":{"line":9,"column":1},"end":{"line":9,"column":37}},"6":{"start":{"line":10,"column":1},"end":{"line":10,"column":36}},"7":{"start":{"line":11,"column":1},"end":{"line":11,"column":34}},"8":{"start":{"line":7,"column":0},"end":{"line":7,"column":16}}},"fnMap":{"0":{"name":"initModuleRoutes","decl":{"start":{"line":7,"column":16},"end":{"line":7,"column":32}},"loc":{"start":{"line":7,"column":47},"end":{"line":12,"column":1}}}},"branchMap":{},"s":{"0":1,"1":1,"2":1,"3":1,"4":1,"5":1,"6":1,"7":1,"8":1},"f":{"0":1},"b":{}}
,"/Users/abelsimon/projects/teylor-exchange/src/modules/exchangeRates/add/AddExchangeRatesController.ts": {"path":"/Users/abelsimon/projects/teylor-exchange/src/modules/exchangeRates/add/AddExchangeRatesController.ts","statementMap":{"0":{"start":{"line":2,"column":0},"end":{"line":2,"column":56}},"1":{"start":{"line":3,"column":0},"end":{"line":3,"column":74}},"2":{"start":{"line":10,"column":3},"end":{"line":10,"column":11}},"3":{"start":{"line":11,"column":3},"end":{"line":11,"column":54}},"4":{"start":{"line":15,"column":3},"end":{"line":19,"column":5}},"5":{"start":{"line":15,"column":72},"end":{"line":19,"column":5}},"6":{"start":{"line":16,"column":26},"end":{"line":16,"column":62}},"7":{"start":{"line":17,"column":4},"end":{"line":17,"column":38}},"8":{"start":{"line":18,"column":4},"end":{"line":18,"column":11}},"9":{"start":{"line":6,"column":0},"end":{"line":6,"column":13}}},"fnMap":{"0":{"name":"(anonymous_7)","decl":{"start":{"line":9,"column":2},"end":{"line":9,"column":null}},"loc":{"start":{"line":9,"column":2},"end":{"line":12,"column":3}}},"1":{"name":"(anonymous_8)","decl":{"start":{"line":14,"column":2},"end":{"line":14,"column":9}},"loc":{"start":{"line":14,"column":9},"end":{"line":20,"column":3}}},"2":{"name":"(anonymous_9)","decl":{"start":{"line":15,"column":10},"end":{"line":15,"column":17}},"loc":{"start":{"line":15,"column":72},"end":{"line":19,"column":5}}},"3":{"name":"(anonymous_10)","decl":{"start":{"line":15,"column":72},"end":{"line":15,"column":null}},"loc":{"start":{"line":15,"column":72},"end":{"line":19,"column":4}}}},"branchMap":{},"s":{"0":1,"1":1,"2":1,"3":1,"4":1,"5":0,"6":0,"7":0,"8":0,"9":1},"f":{"0":1,"1":1,"2":0,"3":0},"b":{}}
,"/Users/abelsimon/projects/teylor-exchange/src/modules/exchangeRates/add/AddExchangeRatesInteractor.ts": {"path":"/Users/abelsimon/projects/teylor-exchange/src/modules/exchangeRates/add/AddExchangeRatesInteractor.ts","statementMap":{"0":{"start":{"line":1,"column":0},"end":{"line":1,"column":56}},"1":{"start":{"line":2,"column":0},"end":{"line":2,"column":88}},"2":{"start":{"line":3,"column":0},"end":{"line":3,"column":64}},"3":{"start":{"line":4,"column":0},"end":{"line":4,"column":62}},"4":{"start":{"line":10,"column":4},"end":{"line":10,"column":12}},"5":{"start":{"line":11,"column":4},"end":{"line":11,"column":58}},"6":{"start":{"line":15,"column":42},"end":{"line":15,"column":54}},"7":{"start":{"line":21,"column":4},"end":{"line":25,"column":null}},"8":{"start":{"line":22,"column":6},"end":{"line":24,"column":8}},"9":{"start":{"line":27,"column":30},"end":{"line":31,"column":6}},"10":{"start":{"line":32,"column":25},"end":{"line":33,"column":null}},"11":{"start":{"line":35,"column":17},"end":{"line":35,"column":49}},"12":{"start":{"line":36,"column":4},"end":{"line":36,"column":16}},"13":{"start":{"line":6,"column":0},"end":{"line":6,"column":13}}},"fnMap":{"0":{"name":"(anonymous_7)","decl":{"start":{"line":9,"column":2},"end":{"line":9,"column":null}},"loc":{"start":{"line":9,"column":2},"end":{"line":12,"column":3}}},"1":{"name":"(anonymous_8)","decl":{"start":{"line":14,"column":8},"end":{"line":14,"column":12}},"loc":{"start":{"line":14,"column":25},"end":{"line":37,"column":null}}}},"branchMap":{"0":{"loc":{"start":{"line":21,"column":4},"end":{"line":25,"column":null}},"type":"if","locations":[{"start":{"line":21,"column":4},"end":{"line":25,"column":null}},{"start":{"line":21,"column":4},"end":{"line":25,"column":null}}]}},"s":{"0":1,"1":1,"2":1,"3":1,"4":1,"5":1,"6":0,"7":0,"8":0,"9":0,"10":0,"11":0,"12":0,"13":1},"f":{"0":1,"1":0},"b":{"0":[0,0]}}
,"/Users/abelsimon/projects/teylor-exchange/src/modules/exchangeRates/add/AddExchangeRatesValidation.ts": {"path":"/Users/abelsimon/projects/teylor-exchange/src/modules/exchangeRates/add/AddExchangeRatesValidation.ts","statementMap":{"0":{"start":{"line":1,"column":0},"end":{"line":1,"column":28}},"1":{"start":{"line":4,"column":24},"end":{"line":4,"column":76}},"2":{"start":{"line":6,"column":13},"end":{"line":21,"column":3}}},"fnMap":{},"branchMap":{},"s":{"0":1,"1":1,"2":1},"f":{},"b":{}}
,"/Users/abelsimon/projects/teylor-exchange/src/modules/exchangeRates/add/constants.ts": {"path":"/Users/abelsimon/projects/teylor-exchange/src/modules/exchangeRates/add/constants.ts","statementMap":{"0":{"start":{"line":1,"column":13},"end":{"line":1,"column":48}},"1":{"start":{"line":2,"column":13},"end":{"line":2,"column":44}}},"fnMap":{},"branchMap":{},"s":{"0":1,"1":1},"f":{},"b":{}}
,"/Users/abelsimon/projects/teylor-exchange/src/modules/exchangeRates/add/router.ts": {"path":"/Users/abelsimon/projects/teylor-exchange/src/modules/exchangeRates/add/router.ts","statementMap":{"0":{"start":{"line":1,"column":0},"end":{"line":1,"column":33}},"1":{"start":{"line":2,"column":0},"end":{"line":2,"column":41}},"2":{"start":{"line":3,"column":0},"end":{"line":3,"column":74}},"3":{"start":{"line":4,"column":0},"end":{"line":4,"column":69}},"4":{"start":{"line":6,"column":19},"end":{"line":6,"column":51}},"5":{"start":{"line":8,"column":15},"end":{"line":8,"column":23}},"6":{"start":{"line":16,"column":19},"end":{"line":16,"column":34}},"7":{"start":{"line":9,"column":0},"end":{"line":14,"column":2}}},"fnMap":{},"branchMap":{},"s":{"0":1,"1":1,"2":1,"3":1,"4":1,"5":1,"6":1,"7":1},"f":{},"b":{}}
,"/Users/abelsimon/projects/teylor-exchange/src/modules/exchangeRates/latest/LatestExchangeRatesController.ts": {"path":"/Users/abelsimon/projects/teylor-exchange/src/modules/exchangeRates/latest/LatestExchangeRatesController.ts","statementMap":{"0":{"start":{"line":2,"column":0},"end":{"line":2,"column":56}},"1":{"start":{"line":3,"column":0},"end":{"line":3,"column":80}},"2":{"start":{"line":10,"column":3},"end":{"line":10,"column":11}},"3":{"start":{"line":11,"column":3},"end":{"line":11,"column":57}},"4":{"start":{"line":15,"column":3},"end":{"line":19,"column":5}},"5":{"start":{"line":15,"column":72},"end":{"line":19,"column":5}},"6":{"start":{"line":16,"column":26},"end":{"line":16,"column":62}},"7":{"start":{"line":17,"column":4},"end":{"line":17,"column":38}},"8":{"start":{"line":18,"column":4},"end":{"line":18,"column":11}},"9":{"start":{"line":6,"column":0},"end":{"line":6,"column":13}}},"fnMap":{"0":{"name":"(anonymous_7)","decl":{"start":{"line":9,"column":2},"end":{"line":9,"column":null}},"loc":{"start":{"line":9,"column":2},"end":{"line":12,"column":3}}},"1":{"name":"(anonymous_8)","decl":{"start":{"line":14,"column":2},"end":{"line":14,"column":9}},"loc":{"start":{"line":14,"column":9},"end":{"line":20,"column":3}}},"2":{"name":"(anonymous_9)","decl":{"start":{"line":15,"column":10},"end":{"line":15,"column":17}},"loc":{"start":{"line":15,"column":72},"end":{"line":19,"column":5}}},"3":{"name":"(anonymous_10)","decl":{"start":{"line":15,"column":72},"end":{"line":15,"column":null}},"loc":{"start":{"line":15,"column":72},"end":{"line":19,"column":4}}}},"branchMap":{},"s":{"0":1,"1":1,"2":1,"3":1,"4":1,"5":0,"6":0,"7":0,"8":0,"9":1},"f":{"0":1,"1":1,"2":0,"3":0},"b":{}}
,"/Users/abelsimon/projects/teylor-exchange/src/modules/exchangeRates/latest/LatestExchangeRatesInteractor.ts": {"path":"/Users/abelsimon/projects/teylor-exchange/src/modules/exchangeRates/latest/LatestExchangeRatesInteractor.ts","statementMap":{"0":{"start":{"line":1,"column":0},"end":{"line":1,"column":56}},"1":{"start":{"line":2,"column":0},"end":{"line":2,"column":88}},"2":{"start":{"line":3,"column":0},"end":{"line":3,"column":64}},"3":{"start":{"line":9,"column":3},"end":{"line":9,"column":11}},"4":{"start":{"line":10,"column":3},"end":{"line":10,"column":57}},"5":{"start":{"line":14,"column":18},"end":{"line":14,"column":51}},"6":{"start":{"line":16,"column":25},"end":{"line":16,"column":84}},"7":{"start":{"line":18,"column":3},"end":{"line":20,"column":null}},"8":{"start":{"line":19,"column":4},"end":{"line":19,"column":34}},"9":{"start":{"line":21,"column":26},"end":{"line":21,"column":47}},"10":{"start":{"line":23,"column":27},"end":{"line":23,"column":29}},"11":{"start":{"line":24,"column":3},"end":{"line":34,"column":null}},"12":{"start":{"line":24,"column":16},"end":{"line":24,"column":41}},"13":{"start":{"line":25,"column":4},"end":{"line":33,"column":null}},"14":{"start":{"line":26,"column":5},"end":{"line":30,"column":8}},"15":{"start":{"line":32,"column":5},"end":{"line":32,"column":11}},"16":{"start":{"line":37,"column":16},"end":{"line":37,"column":51}},"17":{"start":{"line":38,"column":3},"end":{"line":38,"column":15}},"18":{"start":{"line":5,"column":0},"end":{"line":5,"column":13}}},"fnMap":{"0":{"name":"(anonymous_7)","decl":{"start":{"line":8,"column":2},"end":{"line":8,"column":null}},"loc":{"start":{"line":8,"column":2},"end":{"line":11,"column":3}}},"1":{"name":"(anonymous_8)","decl":{"start":{"line":13,"column":8},"end":{"line":13,"column":12}},"loc":{"start":{"line":13,"column":25},"end":{"line":39,"column":null}}}},"branchMap":{"0":{"loc":{"start":{"line":18,"column":3},"end":{"line":20,"column":null}},"type":"if","locations":[{"start":{"line":18,"column":3},"end":{"line":20,"column":null}},{"start":{"line":18,"column":3},"end":{"line":20,"column":null}}]},"1":{"loc":{"start":{"line":25,"column":4},"end":{"line":33,"column":null}},"type":"if","locations":[{"start":{"line":25,"column":4},"end":{"line":33,"column":null}},{"start":{"line":25,"column":4},"end":{"line":33,"column":null}}]}},"s":{"0":1,"1":1,"2":1,"3":1,"4":1,"5":0,"6":0,"7":0,"8":0,"9":0,"10":0,"11":0,"12":0,"13":0,"14":0,"15":0,"16":0,"17":0,"18":1},"f":{"0":1,"1":0},"b":{"0":[0,0],"1":[0,0]}}
,"/Users/abelsimon/projects/teylor-exchange/src/modules/exchangeRates/latest/LatestExchangeRatesValidation.ts": {"path":"/Users/abelsimon/projects/teylor-exchange/src/modules/exchangeRates/latest/LatestExchangeRatesValidation.ts","statementMap":{"0":{"start":{"line":1,"column":0},"end":{"line":1,"column":28}},"1":{"start":{"line":3,"column":13},"end":{"line":5,"column":3}}},"fnMap":{},"branchMap":{},"s":{"0":1,"1":1},"f":{},"b":{}}
,"/Users/abelsimon/projects/teylor-exchange/src/modules/exchangeRates/latest/constants.ts": {"path":"/Users/abelsimon/projects/teylor-exchange/src/modules/exchangeRates/latest/constants.ts","statementMap":{"0":{"start":{"line":1,"column":13},"end":{"line":1,"column":55}},"1":{"start":{"line":2,"column":13},"end":{"line":2,"column":44}}},"fnMap":{},"branchMap":{},"s":{"0":1,"1":1},"f":{},"b":{}}
,"/Users/abelsimon/projects/teylor-exchange/src/modules/exchangeRates/latest/router.ts": {"path":"/Users/abelsimon/projects/teylor-exchange/src/modules/exchangeRates/latest/router.ts","statementMap":{"0":{"start":{"line":1,"column":0},"end":{"line":1,"column":33}},"1":{"start":{"line":2,"column":0},"end":{"line":2,"column":41}},"2":{"start":{"line":3,"column":0},"end":{"line":3,"column":80}},"3":{"start":{"line":4,"column":0},"end":{"line":4,"column":78}},"4":{"start":{"line":6,"column":19},"end":{"line":6,"column":54}},"5":{"start":{"line":8,"column":15},"end":{"line":8,"column":23}},"6":{"start":{"line":16,"column":19},"end":{"line":16,"column":37}},"7":{"start":{"line":9,"column":0},"end":{"line":14,"column":2}}},"fnMap":{},"branchMap":{},"s":{"0":1,"1":1,"2":1,"3":1,"4":1,"5":1,"6":1,"7":1},"f":{},"b":{}}
,"/Users/abelsimon/projects/teylor-exchange/src/modules/exchangeRates/list/ListExchangeRatesController.ts": {"path":"/Users/abelsimon/projects/teylor-exchange/src/modules/exchangeRates/list/ListExchangeRatesController.ts","statementMap":{"0":{"start":{"line":2,"column":0},"end":{"line":2,"column":56}},"1":{"start":{"line":3,"column":0},"end":{"line":3,"column":76}},"2":{"start":{"line":10,"column":3},"end":{"line":10,"column":11}},"3":{"start":{"line":11,"column":3},"end":{"line":11,"column":55}},"4":{"start":{"line":15,"column":3},"end":{"line":19,"column":5}},"5":{"start":{"line":15,"column":72},"end":{"line":19,"column":5}},"6":{"start":{"line":16,"column":26},"end":{"line":16,"column":62}},"7":{"start":{"line":17,"column":4},"end":{"line":17,"column":38}},"8":{"start":{"line":18,"column":4},"end":{"line":18,"column":11}},"9":{"start":{"line":6,"column":0},"end":{"line":6,"column":13}}},"fnMap":{"0":{"name":"(anonymous_7)","decl":{"start":{"line":9,"column":2},"end":{"line":9,"column":null}},"loc":{"start":{"line":9,"column":2},"end":{"line":12,"column":3}}},"1":{"name":"(anonymous_8)","decl":{"start":{"line":14,"column":2},"end":{"line":14,"column":9}},"loc":{"start":{"line":14,"column":9},"end":{"line":20,"column":3}}},"2":{"name":"(anonymous_9)","decl":{"start":{"line":15,"column":10},"end":{"line":15,"column":17}},"loc":{"start":{"line":15,"column":72},"end":{"line":19,"column":5}}},"3":{"name":"(anonymous_10)","decl":{"start":{"line":15,"column":72},"end":{"line":15,"column":null}},"loc":{"start":{"line":15,"column":72},"end":{"line":19,"column":4}}}},"branchMap":{},"s":{"0":1,"1":1,"2":1,"3":1,"4":1,"5":0,"6":0,"7":0,"8":0,"9":1},"f":{"0":1,"1":1,"2":0,"3":0},"b":{}}
,"/Users/abelsimon/projects/teylor-exchange/src/modules/exchangeRates/list/ListExchangeRatesInteractor.ts": {"path":"/Users/abelsimon/projects/teylor-exchange/src/modules/exchangeRates/list/ListExchangeRatesInteractor.ts","statementMap":{"0":{"start":{"line":1,"column":0},"end":{"line":1,"column":56}},"1":{"start":{"line":2,"column":0},"end":{"line":2,"column":88}},"2":{"start":{"line":3,"column":0},"end":{"line":3,"column":64}},"3":{"start":{"line":9,"column":3},"end":{"line":9,"column":11}},"4":{"start":{"line":10,"column":3},"end":{"line":10,"column":57}},"5":{"start":{"line":14,"column":28},"end":{"line":14,"column":40}},"6":{"start":{"line":15,"column":25},"end":{"line":15,"column":84}},"7":{"start":{"line":17,"column":29},"end":{"line":18,"column":null}},"8":{"start":{"line":20,"column":23},"end":{"line":20,"column":25}},"9":{"start":{"line":21,"column":19},"end":{"line":21,"column":49}},"10":{"start":{"line":23,"column":3},"end":{"line":30,"column":6}},"11":{"start":{"line":24,"column":4},"end":{"line":29,"column":7}},"12":{"start":{"line":32,"column":16},"end":{"line":32,"column":47}},"13":{"start":{"line":33,"column":3},"end":{"line":33,"column":15}},"14":{"start":{"line":5,"column":0},"end":{"line":5,"column":13}}},"fnMap":{"0":{"name":"(anonymous_7)","decl":{"start":{"line":8,"column":2},"end":{"line":8,"column":null}},"loc":{"start":{"line":8,"column":2},"end":{"line":11,"column":3}}},"1":{"name":"(anonymous_8)","decl":{"start":{"line":13,"column":8},"end":{"line":13,"column":12}},"loc":{"start":{"line":13,"column":25},"end":{"line":34,"column":null}}},"2":{"name":"(anonymous_10)","decl":{"start":{"line":23,"column":19},"end":{"line":23,"column":25}},"loc":{"start":{"line":23,"column":28},"end":{"line":30,"column":4}}}},"branchMap":{"0":{"loc":{"start":{"line":27,"column":13},"end":{"line":27,"column":52}},"type":"binary-expr","locations":[{"start":{"line":27,"column":13},"end":{"line":27,"column":52}},{"start":{"line":27,"column":56},"end":{"line":27,"column":58}}]}},"s":{"0":1,"1":1,"2":1,"3":1,"4":1,"5":0,"6":0,"7":0,"8":0,"9":0,"10":0,"11":0,"12":0,"13":0,"14":1},"f":{"0":1,"1":0,"2":0},"b":{"0":[0,0]}}
,"/Users/abelsimon/projects/teylor-exchange/src/modules/exchangeRates/list/ListExchangeRatesValidation.ts": {"path":"/Users/abelsimon/projects/teylor-exchange/src/modules/exchangeRates/list/ListExchangeRatesValidation.ts","statementMap":{"0":{"start":{"line":1,"column":0},"end":{"line":1,"column":28}},"1":{"start":{"line":4,"column":24},"end":{"line":4,"column":76}},"2":{"start":{"line":6,"column":13},"end":{"line":17,"column":3}}},"fnMap":{},"branchMap":{},"s":{"0":1,"1":1,"2":1},"f":{},"b":{}}
,"/Users/abelsimon/projects/teylor-exchange/src/modules/exchangeRates/list/constants.ts": {"path":"/Users/abelsimon/projects/teylor-exchange/src/modules/exchangeRates/list/constants.ts","statementMap":{"0":{"start":{"line":1,"column":13},"end":{"line":1,"column":49}},"1":{"start":{"line":2,"column":13},"end":{"line":2,"column":44}}},"fnMap":{},"branchMap":{},"s":{"0":1,"1":1},"f":{},"b":{}}
,"/Users/abelsimon/projects/teylor-exchange/src/modules/exchangeRates/list/router.ts": {"path":"/Users/abelsimon/projects/teylor-exchange/src/modules/exchangeRates/list/router.ts","statementMap":{"0":{"start":{"line":1,"column":0},"end":{"line":1,"column":33}},"1":{"start":{"line":2,"column":0},"end":{"line":2,"column":41}},"2":{"start":{"line":3,"column":0},"end":{"line":3,"column":76}},"3":{"start":{"line":4,"column":0},"end":{"line":4,"column":71}},"4":{"start":{"line":6,"column":19},"end":{"line":6,"column":52}},"5":{"start":{"line":8,"column":15},"end":{"line":8,"column":23}},"6":{"start":{"line":16,"column":19},"end":{"line":16,"column":36}},"7":{"start":{"line":9,"column":0},"end":{"line":14,"column":2}}},"fnMap":{},"branchMap":{},"s":{"0":1,"1":1,"2":1,"3":1,"4":1,"5":1,"6":1,"7":1},"f":{},"b":{}}
,"/Users/abelsimon/projects/teylor-exchange/src/modules/exchangeRates/search/SearchExchangeRatesController.ts": {"path":"/Users/abelsimon/projects/teylor-exchange/src/modules/exchangeRates/search/SearchExchangeRatesController.ts","statementMap":{"0":{"start":{"line":2,"column":0},"end":{"line":2,"column":56}},"1":{"start":{"line":3,"column":0},"end":{"line":3,"column":80}},"2":{"start":{"line":10,"column":3},"end":{"line":10,"column":11}},"3":{"start":{"line":11,"column":3},"end":{"line":11,"column":57}},"4":{"start":{"line":15,"column":3},"end":{"line":19,"column":5}},"5":{"start":{"line":15,"column":72},"end":{"line":19,"column":5}},"6":{"start":{"line":16,"column":26},"end":{"line":16,"column":62}},"7":{"start":{"line":17,"column":4},"end":{"line":17,"column":38}},"8":{"start":{"line":18,"column":4},"end":{"line":18,"column":11}},"9":{"start":{"line":6,"column":0},"end":{"line":6,"column":13}}},"fnMap":{"0":{"name":"(anonymous_7)","decl":{"start":{"line":9,"column":2},"end":{"line":9,"column":null}},"loc":{"start":{"line":9,"column":2},"end":{"line":12,"column":3}}},"1":{"name":"(anonymous_8)","decl":{"start":{"line":14,"column":2},"end":{"line":14,"column":9}},"loc":{"start":{"line":14,"column":9},"end":{"line":20,"column":3}}},"2":{"name":"(anonymous_9)","decl":{"start":{"line":15,"column":10},"end":{"line":15,"column":17}},"loc":{"start":{"line":15,"column":72},"end":{"line":19,"column":5}}},"3":{"name":"(anonymous_10)","decl":{"start":{"line":15,"column":72},"end":{"line":15,"column":null}},"loc":{"start":{"line":15,"column":72},"end":{"line":19,"column":4}}}},"branchMap":{},"s":{"0":1,"1":1,"2":1,"3":1,"4":1,"5":4,"6":4,"7":4,"8":4,"9":1},"f":{"0":1,"1":1,"2":4,"3":4},"b":{}}
,"/Users/abelsimon/projects/teylor-exchange/src/modules/exchangeRates/search/SearchExchangeRatesInteractor.ts": {"path":"/Users/abelsimon/projects/teylor-exchange/src/modules/exchangeRates/search/SearchExchangeRatesInteractor.ts","statementMap":{"0":{"start":{"line":1,"column":0},"end":{"line":1,"column":56}},"1":{"start":{"line":2,"column":0},"end":{"line":2,"column":88}},"2":{"start":{"line":3,"column":0},"end":{"line":3,"column":64}},"3":{"start":{"line":4,"column":0},"end":{"line":4,"column":62}},"4":{"start":{"line":5,"column":0},"end":{"line":5,"column":69}},"5":{"start":{"line":11,"column":3},"end":{"line":11,"column":11}},"6":{"start":{"line":12,"column":3},"end":{"line":12,"column":57}},"7":{"start":{"line":16,"column":25},"end":{"line":16,"column":37}},"8":{"start":{"line":17,"column":18},"end":{"line":17,"column":51}},"9":{"start":{"line":19,"column":20},"end":{"line":19,"column":54}},"10":{"start":{"line":20,"column":18},"end":{"line":20,"column":50}},"11":{"start":{"line":22,"column":3},"end":{"line":24,"column":null}},"12":{"start":{"line":23,"column":4},"end":{"line":23,"column":53}},"13":{"start":{"line":26,"column":25},"end":{"line":26,"column":84}},"14":{"start":{"line":28,"column":3},"end":{"line":30,"column":null}},"15":{"start":{"line":29,"column":4},"end":{"line":29,"column":34}},"16":{"start":{"line":32,"column":39},"end":{"line":32,"column":68}},"17":{"start":{"line":34,"column":3},"end":{"line":39,"column":null}},"18":{"start":{"line":38,"column":4},"end":{"line":38,"column":34}},"19":{"start":{"line":41,"column":23},"end":{"line":41,"column":64}},"20":{"start":{"line":42,"column":21},"end":{"line":42,"column":60}},"21":{"start":{"line":45,"column":16},"end":{"line":46,"column":null}},"22":{"start":{"line":48,"column":3},"end":{"line":48,"column":15}},"23":{"start":{"line":52,"column":21},"end":{"line":52,"column":52}},"24":{"start":{"line":53,"column":3},"end":{"line":53,"column":29}},"25":{"start":{"line":57,"column":20},"end":{"line":57,"column":66}},"26":{"start":{"line":58,"column":3},"end":{"line":58,"column":30}},"27":{"start":{"line":7,"column":0},"end":{"line":7,"column":13}}},"fnMap":{"0":{"name":"(anonymous_7)","decl":{"start":{"line":10,"column":2},"end":{"line":10,"column":null}},"loc":{"start":{"line":10,"column":2},"end":{"line":13,"column":3}}},"1":{"name":"(anonymous_8)","decl":{"start":{"line":15,"column":8},"end":{"line":15,"column":12}},"loc":{"start":{"line":15,"column":30},"end":{"line":49,"column":null}}},"2":{"name":"(anonymous_10)","decl":{"start":{"line":51,"column":2},"end":{"line":51,"column":18}},"loc":{"start":{"line":51,"column":52},"end":{"line":54,"column":3}}},"3":{"name":"(anonymous_11)","decl":{"start":{"line":56,"column":2},"end":{"line":56,"column":22}},"loc":{"start":{"line":56,"column":58},"end":{"line":59,"column":3}}}},"branchMap":{"0":{"loc":{"start":{"line":22,"column":3},"end":{"line":24,"column":null}},"type":"if","locations":[{"start":{"line":22,"column":3},"end":{"line":24,"column":null}},{"start":{"line":22,"column":3},"end":{"line":24,"column":null}}]},"1":{"loc":{"start":{"line":28,"column":3},"end":{"line":30,"column":null}},"type":"if","locations":[{"start":{"line":28,"column":3},"end":{"line":30,"column":null}},{"start":{"line":28,"column":3},"end":{"line":30,"column":null}}]},"2":{"loc":{"start":{"line":34,"column":3},"end":{"line":39,"column":null}},"type":"if","locations":[{"start":{"line":34,"column":3},"end":{"line":39,"column":null}},{"start":{"line":34,"column":3},"end":{"line":39,"column":null}}]},"3":{"loc":{"start":{"line":35,"column":4},"end":{"line":35,"column":49}},"type":"binary-expr","locations":[{"start":{"line":35,"column":4},"end":{"line":35,"column":49}},{"start":{"line":36,"column":9},"end":{"line":36,"column":58}}]}},"s":{"0":1,"1":1,"2":1,"3":1,"4":1,"5":1,"6":1,"7":4,"8":4,"9":4,"10":4,"11":4,"12":0,"13":4,"14":4,"15":1,"16":3,"17":3,"18":1,"19":2,"20":2,"21":2,"22":2,"23":3,"24":3,"25":2,"26":2,"27":1},"f":{"0":1,"1":4,"2":3,"3":2},"b":{"0":[0,4],"1":[1,3],"2":[1,2],"3":[3,2]}}
,"/Users/abelsimon/projects/teylor-exchange/src/modules/exchangeRates/search/SearchExchangeRatesValidation.ts": {"path":"/Users/abelsimon/projects/teylor-exchange/src/modules/exchangeRates/search/SearchExchangeRatesValidation.ts","statementMap":{"0":{"start":{"line":1,"column":0},"end":{"line":1,"column":28}},"1":{"start":{"line":4,"column":24},"end":{"line":4,"column":76}},"2":{"start":{"line":6,"column":13},"end":{"line":22,"column":3}}},"fnMap":{},"branchMap":{},"s":{"0":1,"1":1,"2":1},"f":{},"b":{}}
,"/Users/abelsimon/projects/teylor-exchange/src/modules/exchangeRates/search/constants.ts": {"path":"/Users/abelsimon/projects/teylor-exchange/src/modules/exchangeRates/search/constants.ts","statementMap":{"0":{"start":{"line":1,"column":13},"end":{"line":1,"column":51}},"1":{"start":{"line":2,"column":13},"end":{"line":2,"column":44}}},"fnMap":{},"branchMap":{},"s":{"0":1,"1":1},"f":{},"b":{}}
,"/Users/abelsimon/projects/teylor-exchange/src/modules/exchangeRates/search/router.ts": {"path":"/Users/abelsimon/projects/teylor-exchange/src/modules/exchangeRates/search/router.ts","statementMap":{"0":{"start":{"line":1,"column":0},"end":{"line":1,"column":33}},"1":{"start":{"line":2,"column":0},"end":{"line":2,"column":41}},"2":{"start":{"line":3,"column":0},"end":{"line":3,"column":80}},"3":{"start":{"line":4,"column":0},"end":{"line":4,"column":75}},"4":{"start":{"line":6,"column":19},"end":{"line":6,"column":54}},"5":{"start":{"line":8,"column":15},"end":{"line":8,"column":23}},"6":{"start":{"line":16,"column":19},"end":{"line":16,"column":38}},"7":{"start":{"line":9,"column":0},"end":{"line":14,"column":2}}},"fnMap":{},"branchMap":{},"s":{"0":1,"1":1,"2":1,"3":1,"4":1,"5":1,"6":1,"7":1},"f":{},"b":{}}
,"/Users/abelsimon/projects/teylor-exchange/src/modules/module-utils/findClosestDate.ts": {"path":"/Users/abelsimon/projects/teylor-exchange/src/modules/module-utils/findClosestDate.ts","statementMap":{"0":{"start":{"line":4,"column":12},"end":{"line":4,"column":13}},"1":{"start":{"line":5,"column":13},"end":{"line":5,"column":25}},"2":{"start":{"line":6,"column":15},"end":{"line":6,"column":27}},"3":{"start":{"line":8,"column":1},"end":{"line":19,"column":null}},"4":{"start":{"line":9,"column":2},"end":{"line":9,"column":46}},"5":{"start":{"line":10,"column":18},"end":{"line":10,"column":51}},"6":{"start":{"line":11,"column":2},"end":{"line":13,"column":4}},"7":{"start":{"line":12,"column":3},"end":{"line":12,"column":14}},"8":{"start":{"line":13,"column":4},"end":{"line":18,"column":null}},"9":{"start":{"line":14,"column":3},"end":{"line":14,"column":17}},"10":{"start":{"line":15,"column":3},"end":{"line":15,"column":19}},"11":{"start":{"line":17,"column":3},"end":{"line":17,"column":18}},"12":{"start":{"line":21,"column":1},"end":{"line":21,"column":42}},"13":{"start":{"line":1,"column":0},"end":{"line":1,"column":16}}},"fnMap":{"0":{"name":"findClosestDate","decl":{"start":{"line":1,"column":16},"end":{"line":1,"column":31}},"loc":{"start":{"line":1,"column":63},"end":{"line":22,"column":1}}}},"branchMap":{"0":{"loc":{"start":{"line":11,"column":2},"end":{"line":13,"column":4}},"type":"if","locations":[{"start":{"line":11,"column":2},"end":{"line":13,"column":4}},{"start":{"line":11,"column":2},"end":{"line":13,"column":4}}]},"1":{"loc":{"start":{"line":13,"column":4},"end":{"line":18,"column":null}},"type":"if","locations":[{"start":{"line":13,"column":4},"end":{"line":18,"column":null}},{"start":{"line":13,"column":4},"end":{"line":18,"column":null}}]},"2":{"loc":{"start":{"line":21,"column":26},"end":{"line":21,"column":37}},"type":"cond-expr","locations":[{"start":{"line":21,"column":26},"end":{"line":21,"column":37}},{"start":{"line":21,"column":40},"end":{"line":21,"column":41}}]}},"s":{"0":7,"1":7,"2":7,"3":7,"4":41,"5":41,"6":41,"7":5,"8":36,"9":31,"10":31,"11":5,"12":2,"13":2},"f":{"0":7},"b":{"0":[5,36],"1":[31,5],"2":[1,1]}}
,"/Users/abelsimon/projects/teylor-exchange/src/system/Controller.ts": {"path":"/Users/abelsimon/projects/teylor-exchange/src/system/Controller.ts","statementMap":{"0":{"start":{"line":5,"column":0},"end":{"line":5,"column":56}},"1":{"start":{"line":6,"column":0},"end":{"line":6,"column":64}},"2":{"start":{"line":9,"column":2},"end":{"line":22,"column":4}},"3":{"start":{"line":9,"column":61},"end":{"line":22,"column":4}},"4":{"start":{"line":13,"column":6},"end":{"line":22,"column":4}},"5":{"start":{"line":14,"column":3},"end":{"line":19,"column":null}},"6":{"start":{"line":15,"column":19},"end":{"line":15,"column":66}},"7":{"start":{"line":16,"column":4},"end":{"line":18,"column":null}},"8":{"start":{"line":17,"column":5},"end":{"line":17,"column":69}},"9":{"start":{"line":21,"column":3},"end":{"line":21,"column":17}},"10":{"start":{"line":27,"column":3},"end":{"line":31,"column":5}},"11":{"start":{"line":28,"column":30},"end":{"line":28,"column":33}},"12":{"start":{"line":30,"column":4},"end":{"line":30,"column":28}},"13":{"start":{"line":8,"column":0},"end":{"line":8,"column":13}}},"fnMap":{"0":{"name":"(anonymous_7)","decl":{"start":{"line":8,"column":0},"end":{"line":8,"column":13}},"loc":{"start":{"line":8,"column":0},"end":{"line":33,"column":1}}},"1":{"name":"(anonymous_8)","decl":{"start":{"line":9,"column":15},"end":{"line":9,"column":16}},"loc":{"start":{"line":9,"column":61},"end":{"line":22,"column":4}}},"2":{"name":"(anonymous_9)","decl":{"start":{"line":9,"column":61},"end":{"line":9,"column":null}},"loc":{"start":{"line":13,"column":6},"end":{"line":22,"column":4}}},"3":{"name":"(anonymous_10)","decl":{"start":{"line":13,"column":6},"end":{"line":13,"column":null}},"loc":{"start":{"line":13,"column":6},"end":{"line":22,"column":3}}},"4":{"name":"(anonymous_11)","decl":{"start":{"line":24,"column":2},"end":{"line":24,"column":9}},"loc":{"start":{"line":24,"column":9},"end":{"line":24,"column":14}}},"5":{"name":"(anonymous_12)","decl":{"start":{"line":26,"column":2},"end":{"line":26,"column":7}},"loc":{"start":{"line":26,"column":7},"end":{"line":32,"column":3}}},"6":{"name":"(anonymous_13)","decl":{"start":{"line":27,"column":10},"end":{"line":27,"column":11}},"loc":{"start":{"line":27,"column":46},"end":{"line":31,"column":4}}}},"branchMap":{"0":{"loc":{"start":{"line":14,"column":3},"end":{"line":19,"column":null}},"type":"if","locations":[{"start":{"line":14,"column":3},"end":{"line":19,"column":null}},{"start":{"line":14,"column":3},"end":{"line":19,"column":null}}]},"1":{"loc":{"start":{"line":14,"column":26},"end":{"line":14,"column":28}},"type":"cond-expr","locations":[{"start":{"line":14,"column":26},"end":{"line":14,"column":28}},{"start":{"line":14,"column":26},"end":{"line":14,"column":32}}]},"2":{"loc":{"start":{"line":14,"column":3},"end":{"line":14,"column":28}},"type":"binary-expr","locations":[{"start":{"line":14,"column":3},"end":{"line":14,"column":28}},{"start":{"line":14,"column":26},"end":{"line":14,"column":28}}]},"3":{"loc":{"start":{"line":14,"column":14},"end":{"line":14,"column":16}},"type":"cond-expr","locations":[{"start":{"line":14,"column":14},"end":{"line":14,"column":16}},{"start":{"line":14,"column":7},"end":{"line":14,"column":26}}]},"4":{"loc":{"start":{"line":14,"column":7},"end":{"line":14,"column":16}},"type":"binary-expr","locations":[{"start":{"line":14,"column":7},"end":{"line":14,"column":16}},{"start":{"line":14,"column":7},"end":{"line":14,"column":16}}]},"5":{"loc":{"start":{"line":15,"column":41},"end":{"line":15,"column":43}},"type":"cond-expr","locations":[{"start":{"line":15,"column":41},"end":{"line":15,"column":43}},{"start":{"line":15,"column":41},"end":{"line":15,"column":66}}]},"6":{"loc":{"start":{"line":15,"column":19},"end":{"line":15,"column":43}},"type":"binary-expr","locations":[{"start":{"line":15,"column":19},"end":{"line":15,"column":43}},{"start":{"line":15,"column":41},"end":{"line":15,"column":43}}]},"7":{"loc":{"start":{"line":15,"column":29},"end":{"line":15,"column":31}},"type":"cond-expr","locations":[{"start":{"line":15,"column":29},"end":{"line":15,"column":31}},{"start":{"line":15,"column":22},"end":{"line":15,"column":41}}]},"8":{"loc":{"start":{"line":15,"column":22},"end":{"line":15,"column":31}},"type":"binary-expr","locations":[{"start":{"line":15,"column":22},"end":{"line":15,"column":31}},{"start":{"line":15,"column":22},"end":{"line":15,"column":31}}]},"9":{"loc":{"start":{"line":16,"column":4},"end":{"line":18,"column":null}},"type":"if","locations":[{"start":{"line":16,"column":4},"end":{"line":18,"column":null}},{"start":{"line":16,"column":4},"end":{"line":18,"column":null}}]}},"s":{"0":1,"1":1,"2":4,"3":4,"4":6,"5":6,"6":6,"7":6,"8":2,"9":4,"10":4,"11":4,"12":4,"13":1},"f":{"0":4,"1":4,"2":6,"3":6,"4":0,"5":4,"6":4},"b":{"0":[6,0],"1":[0,6],"2":[6,6],"3":[0,6],"4":[6,6],"5":[0,6],"6":[6,6],"7":[0,6],"8":[6,6],"9":[2,4]}}
,"/Users/abelsimon/projects/teylor-exchange/src/system/CustomResponse.ts": {"path":"/Users/abelsimon/projects/teylor-exchange/src/system/CustomResponse.ts","statementMap":{"0":{"start":{"line":11,"column":3},"end":{"line":11,"column":32}},"1":{"start":{"line":12,"column":3},"end":{"line":12,"column":26}},"2":{"start":{"line":13,"column":3},"end":{"line":13,"column":31}},"3":{"start":{"line":14,"column":3},"end":{"line":14,"column":20}},"4":{"start":{"line":1,"column":0},"end":{"line":1,"column":13}}},"fnMap":{"0":{"name":"(anonymous_0)","decl":{"start":{"line":10,"column":2},"end":{"line":10,"column":14}},"loc":{"start":{"line":10,"column":58},"end":{"line":15,"column":3}}}},"branchMap":{"0":{"loc":{"start":{"line":10,"column":21},"end":{"line":10,"column":23}},"type":"default-arg","locations":[{"start":{"line":10,"column":21},"end":{"line":10,"column":23}}]},"1":{"loc":{"start":{"line":10,"column":38},"end":{"line":10,"column":41}},"type":"default-arg","locations":[{"start":{"line":10,"column":38},"end":{"line":10,"column":41}}]},"2":{"loc":{"start":{"line":10,"column":53},"end":{"line":10,"column":58}},"type":"default-arg","locations":[{"start":{"line":10,"column":53},"end":{"line":10,"column":58}}]}},"s":{"0":4,"1":4,"2":4,"3":4,"4":1},"f":{"0":4},"b":{"0":[0],"1":[4],"2":[4]}}
,"/Users/abelsimon/projects/teylor-exchange/src/system/DBConnection.ts": {"path":"/Users/abelsimon/projects/teylor-exchange/src/system/DBConnection.ts","statementMap":{"0":{"start":{"line":1,"column":0},"end":{"line":1,"column":62}},"1":{"start":{"line":3,"column":0},"end":{"line":3,"column":61}},"2":{"start":{"line":6,"column":1},"end":{"line":11,"column":3}},"3":{"start":{"line":17,"column":5},"end":{"line":17,"column":22}},"4":{"start":{"line":19,"column":40},"end":{"line":28,"column":3}},"5":{"start":{"line":30,"column":20},"end":{"line":30,"column":55}},"6":{"start":{"line":31,"column":1},"end":{"line":31,"column":19}},"7":{"start":{"line":14,"column":0},"end":{"line":14,"column":22}}},"fnMap":{"0":{"name":"getConfig","decl":{"start":{"line":5,"column":15},"end":{"line":5,"column":24}},"loc":{"start":{"line":5,"column":24},"end":{"line":12,"column":null}}},"1":{"name":"createConnectionPool","decl":{"start":{"line":14,"column":22},"end":{"line":14,"column":42}},"loc":{"start":{"line":14,"column":42},"end":{"line":32,"column":null}}}},"branchMap":{"0":{"loc":{"start":{"line":24,"column":46},"end":{"line":24,"column":52}},"type":"cond-expr","locations":[{"start":{"line":24,"column":46},"end":{"line":24,"column":52}},{"start":{"line":24,"column":55},"end":{"line":24,"column":61}}]}},"s":{"0":0,"1":0,"2":0,"3":0,"4":0,"5":0,"6":0,"7":0},"f":{"0":0,"1":0},"b":{"0":[0,0]}}
,"/Users/abelsimon/projects/teylor-exchange/src/system/DBGateway.ts": {"path":"/Users/abelsimon/projects/teylor-exchange/src/system/DBGateway.ts","statementMap":{"0":{"start":{"line":1,"column":0},"end":{"line":1,"column":13}}},"fnMap":{},"branchMap":{},"s":{"0":1},"f":{},"b":{}}
,"/Users/abelsimon/projects/teylor-exchange/src/system/ExchangeRateCacheProvider.ts": {"path":"/Users/abelsimon/projects/teylor-exchange/src/system/ExchangeRateCacheProvider.ts","statementMap":{"0":{"start":{"line":1,"column":0},"end":{"line":1,"column":31}},"1":{"start":{"line":12,"column":3},"end":{"line":12,"column":63}},"2":{"start":{"line":16,"column":3},"end":{"line":18,"column":null}},"3":{"start":{"line":17,"column":4},"end":{"line":17,"column":73}},"4":{"start":{"line":20,"column":3},"end":{"line":20,"column":51}},"5":{"start":{"line":6,"column":0},"end":{"line":6,"column":13}}},"fnMap":{"0":{"name":"(anonymous_1)","decl":{"start":{"line":11,"column":2},"end":{"line":11,"column":null}},"loc":{"start":{"line":11,"column":2},"end":{"line":13,"column":3}}},"1":{"name":"(anonymous_2)","decl":{"start":{"line":15,"column":9},"end":{"line":15,"column":15}},"loc":{"start":{"line":15,"column":27},"end":{"line":21,"column":3}}}},"branchMap":{"0":{"loc":{"start":{"line":16,"column":3},"end":{"line":18,"column":null}},"type":"if","locations":[{"start":{"line":16,"column":3},"end":{"line":18,"column":null}},{"start":{"line":16,"column":3},"end":{"line":18,"column":null}}]}},"s":{"0":1,"1":1,"2":4,"3":1,"4":4,"5":1},"f":{"0":1,"1":4},"b":{"0":[1,3]}}
,"/Users/abelsimon/projects/teylor-exchange/src/system/Interactor.ts": {"path":"/Users/abelsimon/projects/teylor-exchange/src/system/Interactor.ts","statementMap":{"0":{"start":{"line":1,"column":0},"end":{"line":1,"column":22}}},"fnMap":{},"branchMap":{},"s":{"0":1},"f":{},"b":{}}
,"/Users/abelsimon/projects/teylor-exchange/src/system/util.ts": {"path":"/Users/abelsimon/projects/teylor-exchange/src/system/util.ts","statementMap":{"0":{"start":{"line":3,"column":13},"end":{"line":9,"column":2}},"1":{"start":{"line":4,"column":1},"end":{"line":6,"column":null}},"2":{"start":{"line":5,"column":2},"end":{"line":5,"column":23}},"3":{"start":{"line":7,"column":1},"end":{"line":8,"column":91}}},"fnMap":{"0":{"name":"(anonymous_0)","decl":{"start":{"line":3,"column":38},"end":{"line":3,"column":39}},"loc":{"start":{"line":3,"column":89},"end":{"line":9,"column":1}}}},"branchMap":{"0":{"loc":{"start":{"line":4,"column":1},"end":{"line":6,"column":null}},"type":"if","locations":[{"start":{"line":4,"column":1},"end":{"line":6,"column":null}},{"start":{"line":4,"column":1},"end":{"line":6,"column":null}}]},"1":{"loc":{"start":{"line":4,"column":5},"end":{"line":4,"column":19}},"type":"binary-expr","locations":[{"start":{"line":4,"column":5},"end":{"line":4,"column":19}},{"start":{"line":4,"column":23},"end":{"line":4,"column":36}}]},"2":{"loc":{"start":{"line":8,"column":4},"end":{"line":8,"column":78}},"type":"cond-expr","locations":[{"start":{"line":8,"column":4},"end":{"line":8,"column":78}},{"start":{"line":8,"column":81},"end":{"line":8,"column":90}}]},"3":{"loc":{"start":{"line":7,"column":8},"end":{"line":7,"column":21}},"type":"binary-expr","locations":[{"start":{"line":7,"column":8},"end":{"line":7,"column":21}},{"start":{"line":7,"column":25},"end":{"line":7,"column":49}},{"start":{"line":7,"column":53},"end":{"line":7,"column":77}}]}},"s":{"0":1,"1":2,"2":1,"3":1},"f":{"0":2},"b":{"0":[1,1],"1":[2,1],"2":[1,0],"3":[1,1,1]}}
,"/Users/abelsimon/projects/teylor-exchange/src/types/index.d.ts": {"path":"/Users/abelsimon/projects/teylor-exchange/src/types/index.d.ts","statementMap":{},"fnMap":{},"branchMap":{},"s":{},"f":{},"b":{},"inputSourceMap":null}
}
