TN:
SF:src/app.ts
FN:22,(anonymous_1)
FNF:1
FNH:1
FNDA:2,(anonymous_1)
DA:1,1
DA:2,1
DA:3,1
DA:4,1
DA:6,1
DA:7,1
DA:9,1
DA:10,1
DA:12,1
DA:13,1
DA:14,1
DA:15,1
DA:17,1
DA:19,1
DA:21,1
DA:23,2
DA:24,2
DA:25,2
DA:26,0
DA:29,2
LF:20
LH:19
BRDA:17,0,0,1
BRDA:17,0,1,1
BRDA:25,1,0,0
BRDA:25,1,1,2
BRDA:29,2,0,2
BRDA:29,2,1,0
BRDA:30,3,0,0
BRDA:30,3,1,2
BRF:8
BRH:5
end_of_record
TN:
SF:src/logger.ts
FN:9,(anonymous_1)
FNF:1
FNH:1
FNDA:2,(anonymous_1)
DA:1,1
DA:3,1
DA:5,1
DA:11,2
DA:12,2
DA:14,2
DA:16,2
DA:17,0
DA:18,0
DA:21,2
DA:27,1
LF:11
LH:9
BRDA:16,0,0,0
BRDA:16,0,1,2
BRDA:16,1,0,2
BRDA:16,1,1,2
BRF:4
BRH:3
end_of_record
TN:
SF:src/routes.ts
FNF:0
FNH:0
DA:1,1
DA:2,1
DA:3,1
DA:4,1
DA:5,1
DA:7,1
DA:11,1
DA:12,1
DA:14,1
DA:17,1
DA:18,0
DA:19,0
DA:22,1
LF:13
LH:11
BRDA:17,0,0,0
BRDA:17,0,1,1
BRF:2
BRH:1
end_of_record
TN:
SF:src/__tests/fixtures/exchangeRates.ts
FNF:0
FNH:0
DA:1,2
DA:15,2
DA:22,2
DA:28,2
LF:4
LH:4
BRF:0
BRH:0
end_of_record
TN:
SF:src/bin/server.ts
FN:13,(anonymous_8)
FN:13,(anonymous_9)
FN:21,(anonymous_10)
FN:41,(anonymous_11)
FN:46,(anonymous_12)
FNF:5
FNH:0
FNDA:0,(anonymous_8)
FNDA:0,(anonymous_9)
FNDA:0,(anonymous_10)
FNDA:0,(anonymous_11)
FNDA:0,(anonymous_12)
DA:2,0
DA:3,0
DA:4,0
DA:6,0
DA:7,0
DA:8,0
DA:11,0
DA:13,0
DA:17,0
DA:18,0
DA:19,0
DA:20,0
DA:21,0
DA:22,0
DA:26,0
DA:27,0
DA:36,0
DA:38,0
DA:39,0
DA:40,0
DA:41,0
DA:46,0
DA:47,0
DA:48,0
LF:24
LH:0
BRDA:7,0,0,0
BRDA:7,0,1,0
BRDA:26,1,0,0
BRDA:26,1,1,0
BRF:4
BRH:0
end_of_record
TN:
SF:src/core/entities/ExchangeRatesEntity.ts
FNF:0
FNH:0
DA:1,1
DA:6,1
DA:7,1
DA:14,1
DA:17,1
DA:20,1
LF:6
LH:6
BRF:0
BRH:0
end_of_record
TN:
SF:src/core/entities/index.ts
FN:3,(anonymous_0)
FNF:1
FNH:0
FNDA:0,(anonymous_0)
DA:1,1
DA:3,1
LF:2
LH:2
BRF:0
BRH:0
end_of_record
TN:
SF:src/core/exchangeRates/ExchangeRatesGateway.ts
FN:6,(anonymous_7)
FNF:1
FNH:0
FNDA:0,(anonymous_7)
DA:1,1
DA:2,1
DA:3,1
DA:5,1
DA:11,0
DA:12,0
LF:6
LH:4
BRF:0
BRH:0
end_of_record
TN:
SF:src/core/exchangeRates/ExchangeRatesService.ts
FN:15,(anonymous_8)
FN:21,(anonymous_9)
FN:31,(anonymous_11)
FN:44,(anonymous_13)
FN:48,(anonymous_14)
FN:50,(anonymous_15)
FN:66,(anonymous_16)
FN:83,(anonymous_18)
FN:84,(anonymous_19)
FN:85,(anonymous_20)
FN:95,(anonymous_21)
FN:96,(anonymous_22)
FN:101,(anonymous_23)
FN:116,(anonymous_24)
FN:121,(anonymous_25)
FNF:15
FNH:10
FNDA:4,(anonymous_8)
FNDA:4,(anonymous_9)
FNDA:0,(anonymous_11)
FNDA:0,(anonymous_13)
FNDA:0,(anonymous_14)
FNDA:0,(anonymous_15)
FNDA:1,(anonymous_16)
FNDA:1,(anonymous_18)
FNDA:1,(anonymous_19)
FNDA:1,(anonymous_20)
FNDA:8,(anonymous_21)
FNDA:8,(anonymous_22)
FNDA:10448,(anonymous_23)
FNDA:8,(anonymous_24)
FNDA:0,(anonymous_25)
DA:1,1
DA:2,1
DA:3,1
DA:5,1
DA:6,1
DA:8,1
DA:16,4
DA:17,4
DA:18,4
DA:22,4
DA:23,4
DA:25,4
DA:26,3
DA:28,1
DA:32,0
DA:33,0
DA:37,0
DA:38,0
DA:41,0
DA:45,0
DA:46,0
DA:48,0
DA:49,0
DA:50,0
DA:51,0
DA:52,0
DA:54,0
DA:55,0
DA:57,0
DA:60,0
DA:63,0
DA:67,1
DA:72,1
DA:73,1
DA:74,8
DA:77,8
DA:79,1
DA:80,1
DA:84,1
DA:85,1
DA:86,1
DA:87,0
DA:90,1
DA:96,8
DA:97,8
DA:99,8
DA:102,10448
DA:103,10448
DA:104,10448
DA:106,10448
DA:107,464
DA:110,10448
DA:111,8
DA:113,10440
DA:116,8
DA:126,0
LF:56
LH:37
BRDA:25,0,0,3
BRDA:25,0,1,1
BRDA:37,1,0,0
BRDA:37,1,1,0
BRDA:54,2,0,0
BRDA:54,2,1,0
BRDA:86,3,0,0
BRDA:86,3,1,1
BRDA:106,4,0,464
BRDA:106,4,1,9984
BRDA:110,5,0,8
BRDA:110,5,1,10440
BRF:12
BRH:7
end_of_record
TN:
SF:src/errors/application-error.ts
FN:8,(anonymous_0)
FNF:1
FNH:1
FNDA:6,(anonymous_0)
DA:1,2
DA:2,6
DA:4,6
DA:6,6
DA:9,6
DA:10,6
DA:11,5
DA:13,6
DA:14,3
LF:9
LH:9
BRDA:10,0,0,5
BRDA:10,0,1,1
BRDA:13,1,0,3
BRDA:13,1,1,3
BRF:4
BRH:4
end_of_record
TN:
SF:src/errors/bad-request.ts
FN:6,(anonymous_0)
FNF:1
FNH:1
FNDA:2,(anonymous_0)
DA:1,1
DA:3,1
DA:4,2
DA:7,2
LF:4
LH:4
BRDA:7,0,0,2
BRDA:7,0,1,0
BRF:2
BRH:1
end_of_record
TN:
SF:src/errors/conflict.ts
FN:4,(anonymous_0)
FNF:1
FNH:0
FNDA:0,(anonymous_0)
DA:1,0
DA:3,0
DA:5,0
LF:3
LH:0
BRDA:5,0,0,0
BRDA:5,0,1,0
BRF:2
BRH:0
end_of_record
TN:
SF:src/errors/index.ts
FN:7,(anonymous_0)
FN:7,(anonymous_1)
FN:7,(anonymous_2)
FN:7,(anonymous_3)
FNF:4
FNH:0
FNDA:0,(anonymous_0)
FNDA:0,(anonymous_1)
FNDA:0,(anonymous_2)
FNDA:0,(anonymous_3)
DA:1,0
DA:2,0
DA:3,0
DA:4,0
DA:7,0
LF:5
LH:0
BRF:0
BRH:0
end_of_record
TN:
SF:src/errors/unauthorized.ts
FN:8,(anonymous_0)
FNF:1
FNH:0
FNDA:0,(anonymous_0)
DA:1,0
DA:9,0
DA:10,0
DA:11,0
DA:12,0
LF:5
LH:0
BRDA:11,0,0,0
BRDA:11,0,1,0
BRDA:12,1,0,0
BRDA:12,1,1,0
BRF:4
BRH:0
end_of_record
TN:
SF:src/modules/index.ts
FN:7,initModuleRoutes
FNF:1
FNH:1
FNDA:1,initModuleRoutes
DA:2,1
DA:3,1
DA:4,1
DA:5,1
DA:7,1
DA:8,1
DA:9,1
DA:10,1
DA:11,1
LF:9
LH:9
BRF:0
BRH:0
end_of_record
TN:
SF:src/modules/exchangeRates/add/AddExchangeRatesController.ts
FN:9,(anonymous_7)
FN:14,(anonymous_8)
FN:15,(anonymous_9)
FN:15,(anonymous_10)
FNF:4
FNH:2
FNDA:1,(anonymous_7)
FNDA:1,(anonymous_8)
FNDA:0,(anonymous_9)
FNDA:0,(anonymous_10)
DA:2,1
DA:3,1
DA:6,1
DA:10,1
DA:11,1
DA:15,1
DA:16,0
DA:17,0
DA:18,0
LF:9
LH:6
BRF:0
BRH:0
end_of_record
TN:
SF:src/modules/exchangeRates/add/AddExchangeRatesInteractor.ts
FN:9,(anonymous_7)
FN:14,(anonymous_8)
FNF:2
FNH:1
FNDA:1,(anonymous_7)
FNDA:0,(anonymous_8)
DA:1,1
DA:2,1
DA:3,1
DA:4,1
DA:6,1
DA:10,1
DA:11,1
DA:15,0
DA:21,0
DA:22,0
DA:27,0
DA:32,0
DA:35,0
DA:36,0
LF:14
LH:7
BRDA:21,0,0,0
BRDA:21,0,1,0
BRF:2
BRH:0
end_of_record
TN:
SF:src/modules/exchangeRates/add/AddExchangeRatesValidation.ts
FNF:0
FNH:0
DA:1,1
DA:4,1
DA:6,1
LF:3
LH:3
BRF:0
BRH:0
end_of_record
TN:
SF:src/modules/exchangeRates/add/constants.ts
FNF:0
FNH:0
DA:1,1
DA:2,1
LF:2
LH:2
BRF:0
BRH:0
end_of_record
TN:
SF:src/modules/exchangeRates/add/router.ts
FNF:0
FNH:0
DA:1,1
DA:2,1
DA:3,1
DA:4,1
DA:6,1
DA:8,1
DA:9,1
DA:16,1
LF:8
LH:8
BRF:0
BRH:0
end_of_record
TN:
SF:src/modules/exchangeRates/latest/LatestExchangeRatesController.ts
FN:9,(anonymous_7)
FN:14,(anonymous_8)
FN:15,(anonymous_9)
FN:15,(anonymous_10)
FNF:4
FNH:2
FNDA:1,(anonymous_7)
FNDA:1,(anonymous_8)
FNDA:0,(anonymous_9)
FNDA:0,(anonymous_10)
DA:2,1
DA:3,1
DA:6,1
DA:10,1
DA:11,1
DA:15,1
DA:16,0
DA:17,0
DA:18,0
LF:9
LH:6
BRF:0
BRH:0
end_of_record
TN:
SF:src/modules/exchangeRates/latest/LatestExchangeRatesInteractor.ts
FN:8,(anonymous_7)
FN:13,(anonymous_8)
FNF:2
FNH:1
FNDA:1,(anonymous_7)
FNDA:0,(anonymous_8)
DA:1,1
DA:2,1
DA:3,1
DA:5,1
DA:9,1
DA:10,1
DA:14,0
DA:16,0
DA:18,0
DA:19,0
DA:21,0
DA:23,0
DA:24,0
DA:25,0
DA:26,0
DA:32,0
DA:37,0
DA:38,0
LF:18
LH:6
BRDA:18,0,0,0
BRDA:18,0,1,0
BRDA:25,1,0,0
BRDA:25,1,1,0
BRF:4
BRH:0
end_of_record
TN:
SF:src/modules/exchangeRates/latest/LatestExchangeRatesValidation.ts
FNF:0
FNH:0
DA:1,1
DA:3,1
LF:2
LH:2
BRF:0
BRH:0
end_of_record
TN:
SF:src/modules/exchangeRates/latest/constants.ts
FNF:0
FNH:0
DA:1,1
DA:2,1
LF:2
LH:2
BRF:0
BRH:0
end_of_record
TN:
SF:src/modules/exchangeRates/latest/router.ts
FNF:0
FNH:0
DA:1,1
DA:2,1
DA:3,1
DA:4,1
DA:6,1
DA:8,1
DA:9,1
DA:16,1
LF:8
LH:8
BRF:0
BRH:0
end_of_record
TN:
SF:src/modules/exchangeRates/list/ListExchangeRatesController.ts
FN:9,(anonymous_7)
FN:14,(anonymous_8)
FN:15,(anonymous_9)
FN:15,(anonymous_10)
FNF:4
FNH:2
FNDA:1,(anonymous_7)
FNDA:1,(anonymous_8)
FNDA:0,(anonymous_9)
FNDA:0,(anonymous_10)
DA:2,1
DA:3,1
DA:6,1
DA:10,1
DA:11,1
DA:15,1
DA:16,0
DA:17,0
DA:18,0
LF:9
LH:6
BRF:0
BRH:0
end_of_record
TN:
SF:src/modules/exchangeRates/list/ListExchangeRatesInteractor.ts
FN:8,(anonymous_7)
FN:13,(anonymous_8)
FN:23,(anonymous_10)
FNF:3
FNH:1
FNDA:1,(anonymous_7)
FNDA:0,(anonymous_8)
FNDA:0,(anonymous_10)
DA:1,1
DA:2,1
DA:3,1
DA:5,1
DA:9,1
DA:10,1
DA:14,0
DA:15,0
DA:17,0
DA:20,0
DA:21,0
DA:23,0
DA:24,0
DA:32,0
DA:33,0
LF:15
LH:6
BRDA:27,0,0,0
BRDA:27,0,1,0
BRF:2
BRH:0
end_of_record
TN:
SF:src/modules/exchangeRates/list/ListExchangeRatesValidation.ts
FNF:0
FNH:0
DA:1,1
DA:4,1
DA:6,1
LF:3
LH:3
BRF:0
BRH:0
end_of_record
TN:
SF:src/modules/exchangeRates/list/constants.ts
FNF:0
FNH:0
DA:1,1
DA:2,1
LF:2
LH:2
BRF:0
BRH:0
end_of_record
TN:
SF:src/modules/exchangeRates/list/router.ts
FNF:0
FNH:0
DA:1,1
DA:2,1
DA:3,1
DA:4,1
DA:6,1
DA:8,1
DA:9,1
DA:16,1
LF:8
LH:8
BRF:0
BRH:0
end_of_record
TN:
SF:src/modules/exchangeRates/search/SearchExchangeRatesController.ts
FN:9,(anonymous_7)
FN:14,(anonymous_8)
FN:15,(anonymous_9)
FN:15,(anonymous_10)
FNF:4
FNH:4
FNDA:1,(anonymous_7)
FNDA:1,(anonymous_8)
FNDA:4,(anonymous_9)
FNDA:4,(anonymous_10)
DA:2,1
DA:3,1
DA:6,1
DA:10,1
DA:11,1
DA:15,4
DA:16,4
DA:17,4
DA:18,4
LF:9
LH:9
BRF:0
BRH:0
end_of_record
TN:
SF:src/modules/exchangeRates/search/SearchExchangeRatesInteractor.ts
FN:10,(anonymous_7)
FN:15,(anonymous_8)
FN:51,(anonymous_10)
FN:56,(anonymous_11)
FNF:4
FNH:4
FNDA:1,(anonymous_7)
FNDA:4,(anonymous_8)
FNDA:3,(anonymous_10)
FNDA:2,(anonymous_11)
DA:1,1
DA:2,1
DA:3,1
DA:4,1
DA:5,1
DA:7,1
DA:11,1
DA:12,1
DA:16,4
DA:17,4
DA:19,4
DA:20,4
DA:22,4
DA:23,0
DA:26,4
DA:28,4
DA:29,1
DA:32,3
DA:34,3
DA:38,1
DA:41,2
DA:42,2
DA:45,2
DA:48,2
DA:52,3
DA:53,3
DA:57,2
DA:58,2
LF:28
LH:27
BRDA:22,0,0,0
BRDA:22,0,1,4
BRDA:28,1,0,1
BRDA:28,1,1,3
BRDA:34,2,0,1
BRDA:34,2,1,2
BRDA:35,3,0,3
BRDA:35,3,1,2
BRF:8
BRH:7
end_of_record
TN:
SF:src/modules/exchangeRates/search/SearchExchangeRatesValidation.ts
FNF:0
FNH:0
DA:1,1
DA:4,1
DA:6,1
LF:3
LH:3
BRF:0
BRH:0
end_of_record
TN:
SF:src/modules/exchangeRates/search/constants.ts
FNF:0
FNH:0
DA:1,1
DA:2,1
LF:2
LH:2
BRF:0
BRH:0
end_of_record
TN:
SF:src/modules/exchangeRates/search/router.ts
FNF:0
FNH:0
DA:1,1
DA:2,1
DA:3,1
DA:4,1
DA:6,1
DA:8,1
DA:9,1
DA:16,1
LF:8
LH:8
BRF:0
BRH:0
end_of_record
TN:
SF:src/modules/module-utils/findClosestDate.ts
FN:1,findClosestDate
FNF:1
FNH:1
FNDA:7,findClosestDate
DA:1,2
DA:4,7
DA:5,7
DA:6,7
DA:8,7
DA:9,41
DA:10,41
DA:11,41
DA:12,5
DA:13,36
DA:14,31
DA:15,31
DA:17,5
DA:21,2
LF:14
LH:14
BRDA:11,0,0,5
BRDA:11,0,1,36
BRDA:13,1,0,31
BRDA:13,1,1,5
BRDA:21,2,0,1
BRDA:21,2,1,1
BRF:6
BRH:6
end_of_record
TN:
SF:src/system/Controller.ts
FN:8,(anonymous_7)
FN:9,(anonymous_8)
FN:9,(anonymous_9)
FN:13,(anonymous_10)
FN:24,(anonymous_11)
FN:26,(anonymous_12)
FN:27,(anonymous_13)
FNF:7
FNH:6
FNDA:4,(anonymous_7)
FNDA:4,(anonymous_8)
FNDA:6,(anonymous_9)
FNDA:6,(anonymous_10)
FNDA:0,(anonymous_11)
FNDA:4,(anonymous_12)
FNDA:4,(anonymous_13)
DA:5,1
DA:6,1
DA:8,1
DA:9,4
DA:13,6
DA:14,6
DA:15,6
DA:16,6
DA:17,2
DA:21,4
DA:27,4
DA:28,4
DA:30,4
LF:13
LH:13
BRDA:14,0,0,6
BRDA:14,0,1,0
BRDA:14,1,0,0
BRDA:14,1,1,6
BRDA:14,2,0,6
BRDA:14,2,1,6
BRDA:14,3,0,0
BRDA:14,3,1,6
BRDA:14,4,0,6
BRDA:14,4,1,6
BRDA:15,5,0,0
BRDA:15,5,1,6
BRDA:15,6,0,6
BRDA:15,6,1,6
BRDA:15,7,0,0
BRDA:15,7,1,6
BRDA:15,8,0,6
BRDA:15,8,1,6
BRDA:16,9,0,2
BRDA:16,9,1,4
BRF:20
BRH:15
end_of_record
TN:
SF:src/system/CustomResponse.ts
FN:10,(anonymous_0)
FNF:1
FNH:1
FNDA:4,(anonymous_0)
DA:1,1
DA:11,4
DA:12,4
DA:13,4
DA:14,4
LF:5
LH:5
BRDA:10,0,0,0
BRDA:10,1,0,4
BRDA:10,2,0,4
BRF:3
BRH:2
end_of_record
TN:
SF:src/system/DBConnection.ts
FN:5,getConfig
FN:14,createConnectionPool
FNF:2
FNH:0
FNDA:0,getConfig
FNDA:0,createConnectionPool
DA:1,0
DA:3,0
DA:6,0
DA:14,0
DA:17,0
DA:19,0
DA:30,0
DA:31,0
LF:8
LH:0
BRDA:24,0,0,0
BRDA:24,0,1,0
BRF:2
BRH:0
end_of_record
TN:
SF:src/system/DBGateway.ts
FNF:0
FNH:0
DA:1,1
LF:1
LH:1
BRF:0
BRH:0
end_of_record
TN:
SF:src/system/ExchangeRateCacheProvider.ts
FN:11,(anonymous_1)
FN:15,(anonymous_2)
FNF:2
FNH:2
FNDA:1,(anonymous_1)
FNDA:4,(anonymous_2)
DA:1,1
DA:6,1
DA:12,1
DA:16,4
DA:17,1
DA:20,4
LF:6
LH:6
BRDA:16,0,0,1
BRDA:16,0,1,3
BRF:2
BRH:2
end_of_record
TN:
SF:src/system/Interactor.ts
FNF:0
FNH:0
DA:1,1
LF:1
LH:1
BRF:0
BRH:0
end_of_record
TN:
SF:src/system/util.ts
FN:3,(anonymous_0)
FNF:1
FNH:1
FNDA:2,(anonymous_0)
DA:3,1
DA:4,2
DA:5,1
DA:7,1
LF:4
LH:4
BRDA:4,0,0,1
BRDA:4,0,1,1
BRDA:4,1,0,2
BRDA:4,1,1,1
BRDA:8,2,0,1
BRDA:8,2,1,0
BRDA:7,3,0,1
BRDA:7,3,1,1
BRDA:7,3,2,1
BRF:9
BRH:8
end_of_record
TN:
SF:src/types/index.d.ts
FNF:0
FNH:0
LF:0
LH:0
BRF:0
BRH:0
end_of_record
